[ 2016-07-28T10:11:42+08:00 ] 127.0.0.1 /ingblog_home/js/jquery.SuperSlide.2.1.1.js
INFO: [ app_init ] --START--
INFO: Run Behavior\BuildLiteBehavior [ RunTime:0.000000s ]
INFO: [ app_init ] --END-- [ RunTime:0.002001s ]
ERR: 无法加载模块:Js

[ 2016-07-28T10:11:42+08:00 ] 127.0.0.1 /ingblog_home/js/nav.js
INFO: [ app_init ] --START--
INFO: Run Behavior\BuildLiteBehavior [ RunTime:0.000000s ]
INFO: [ app_init ] --END-- [ RunTime:0.001000s ]
ERR: 无法加载模块:Js

[ 2016-07-28T10:11:42+08:00 ] 127.0.0.1 /ingblog_home/js/jquery1.42.min.js
INFO: [ app_init ] --START--
INFO: Run Behavior\BuildLiteBehavior [ RunTime:0.000000s ]
INFO: [ app_init ] --END-- [ RunTime:0.002000s ]
ERR: 无法加载模块:Js

[ 2016-07-28T10:11:42+08:00 ] 127.0.0.1 /ingblog_home/images/s2.jpg
INFO: [ app_init ] --START--
INFO: Run Behavior\BuildLiteBehavior [ RunTime:0.000000s ]
INFO: [ app_init ] --END-- [ RunTime:0.003000s ]
ERR: 无法加载模块:Images

[ 2016-07-28T10:11:42+08:00 ] 127.0.0.1 /ingblog_home/images/my.jpg
INFO: [ app_init ] --START--
INFO: Run Behavior\BuildLiteBehavior [ RunTime:0.000000s ]
INFO: [ app_init ] --END-- [ RunTime:0.003000s ]
ERR: 无法加载模块:Images

[ 2016-07-28T10:11:42+08:00 ] 127.0.0.1 /ingblog_home/images/s1.jpg
INFO: [ app_init ] --START--
INFO: Run Behavior\BuildLiteBehavior [ RunTime:0.000000s ]
INFO: [ app_init ] --END-- [ RunTime:0.003000s ]
ERR: 无法加载模块:Images

[ 2016-07-28T10:11:42+08:00 ] 127.0.0.1 /ingblog_home/images/s3.jpg
INFO: [ app_init ] --START--
INFO: Run Behavior\BuildLiteBehavior [ RunTime:0.000000s ]
INFO: [ app_init ] --END-- [ RunTime:0.001000s ]
ERR: 无法加载模块:Images

[ 2016-07-28T10:11:42+08:00 ] 127.0.0.1 /ingblog_home/js/jquery.SuperSlide.2.1.1.js
INFO: [ app_init ] --START--
INFO: Run Behavior\BuildLiteBehavior [ RunTime:0.000000s ]
INFO: [ app_init ] --END-- [ RunTime:0.001001s ]
ERR: 无法加载模块:Js

[ 2016-07-28T10:11:42+08:00 ] 127.0.0.1 /ingblog_home/images/s.jpg
INFO: [ app_init ] --START--
INFO: Run Behavior\BuildLiteBehavior [ RunTime:0.000000s ]
INFO: [ app_init ] --END-- [ RunTime:0.010001s ]
ERR: 无法加载模块:Images

[ 2016-07-28T10:11:42+08:00 ] 127.0.0.1 /ingblog_home/images/my.jpg
INFO: [ app_init ] --START--
INFO: Run Behavior\BuildLiteBehavior [ RunTime:0.000000s ]
INFO: [ app_init ] --END-- [ RunTime:0.001000s ]
ERR: 无法加载模块:Images

[ 2016-07-28T10:11:42+08:00 ] 127.0.0.1 /ingblog_home/images/s2.jpg
INFO: [ app_init ] --START--
INFO: Run Behavior\BuildLiteBehavior [ RunTime:0.000000s ]
INFO: [ app_init ] --END-- [ RunTime:0.002000s ]
ERR: 无法加载模块:Images

[ 2016-07-28T10:11:42+08:00 ] 127.0.0.1 /ingblog_home/images/s3.jpg
INFO: [ app_init ] --START--
INFO: Run Behavior\BuildLiteBehavior [ RunTime:0.000000s ]
INFO: [ app_init ] --END-- [ RunTime:0.001000s ]
ERR: 无法加载模块:Images

[ 2016-07-28T10:11:42+08:00 ] 127.0.0.1 /ingblog_home/images/s1.jpg
INFO: [ app_init ] --START--
INFO: Run Behavior\BuildLiteBehavior [ RunTime:0.000000s ]
INFO: [ app_init ] --END-- [ RunTime:0.000000s ]
ERR: 无法加载模块:Images

[ 2016-07-28T10:11:42+08:00 ] 127.0.0.1 /ingblog_home/js/nav.js
INFO: [ app_init ] --START--
INFO: Run Behavior\BuildLiteBehavior [ RunTime:0.000000s ]
INFO: [ app_init ] --END-- [ RunTime:0.004000s ]
ERR: 无法加载模块:Js

[ 2016-07-28T10:14:05+08:00 ] 127.0.0.1 /ingblog_home/Public/js/jquery1.42.min./ingblog_home/Public/js
INFO: [ app_init ] --START--
INFO: Run Behavior\BuildLiteBehavior [ RunTime:0.000000s ]
INFO: [ app_init ] --END-- [ RunTime:0.001000s ]
ERR: 无法加载模块:Public

[ 2016-07-28T10:14:05+08:00 ] 127.0.0.1 /ingblog_home/Public/js/jquery.SuperSlide.2.1.1./ingblog_home/Public/js
INFO: [ app_init ] --START--
INFO: Run Behavior\BuildLiteBehavior [ RunTime:0.000000s ]
INFO: [ app_init ] --END-- [ RunTime:0.001000s ]
ERR: 无法加载模块:Public

[ 2016-07-28T10:14:05+08:00 ] 127.0.0.1 /ingblog_home/Public/js/nav./ingblog_home/Public/js
INFO: [ app_init ] --START--
INFO: Run Behavior\BuildLiteBehavior [ RunTime:0.000000s ]
INFO: [ app_init ] --END-- [ RunTime:0.001000s ]
ERR: 无法加载模块:Public

[ 2016-07-28T10:14:05+08:00 ] 127.0.0.1 /ingblog_home/Public//ingblog_home/Public/images/s1.jpg
INFO: [ app_init ] --START--
INFO: Run Behavior\BuildLiteBehavior [ RunTime:0.000000s ]
INFO: [ app_init ] --END-- [ RunTime:0.001000s ]
ERR: 无法加载模块:Public

[ 2016-07-28T10:14:06+08:00 ] 127.0.0.1 /ingblog_home/Public/js/jquery.SuperSlide.2.1.1./ingblog_home/Public/js
INFO: [ app_init ] --START--
INFO: Run Behavior\BuildLiteBehavior [ RunTime:0.000000s ]
INFO: [ app_init ] --END-- [ RunTime:0.001000s ]
ERR: 无法加载模块:Public

[ 2016-07-28T10:14:06+08:00 ] 127.0.0.1 /ingblog_home/Public//ingblog_home/Public/images/s1.jpg
INFO: [ app_init ] --START--
INFO: Run Behavior\BuildLiteBehavior [ RunTime:0.000000s ]
INFO: [ app_init ] --END-- [ RunTime:0.001000s ]
ERR: 无法加载模块:Public

[ 2016-07-28T10:14:06+08:00 ] 127.0.0.1 /ingblog_home/Public/js/nav./ingblog_home/Public/js
INFO: [ app_init ] --START--
INFO: Run Behavior\BuildLiteBehavior [ RunTime:0.000000s ]
INFO: [ app_init ] --END-- [ RunTime:0.000000s ]
ERR: 无法加载模块:Public

[ 2016-07-28T10:14:34+08:00 ] 127.0.0.1 /ingblog_home/Public/js/jquery1.42.min./ingblog_home/Public/js
INFO: [ app_init ] --START--
INFO: Run Behavior\BuildLiteBehavior [ RunTime:0.000000s ]
INFO: [ app_init ] --END-- [ RunTime:0.001000s ]
ERR: 无法加载模块:Public

[ 2016-07-28T10:14:34+08:00 ] 127.0.0.1 /ingblog_home/Public/js/jquery.SuperSlide.2.1.1./ingblog_home/Public/js
INFO: [ app_init ] --START--
INFO: Run Behavior\BuildLiteBehavior [ RunTime:0.000000s ]
INFO: [ app_init ] --END-- [ RunTime:0.001000s ]
ERR: 无法加载模块:Public

[ 2016-07-28T10:14:34+08:00 ] 127.0.0.1 /ingblog_home/Public/js/nav./ingblog_home/Public/js
INFO: [ app_init ] --START--
INFO: Run Behavior\BuildLiteBehavior [ RunTime:0.000000s ]
INFO: [ app_init ] --END-- [ RunTime:0.001000s ]
ERR: 无法加载模块:Public

[ 2016-07-28T10:14:34+08:00 ] 127.0.0.1 /ingblog_home/Public/js/jquery.SuperSlide.2.1.1./ingblog_home/Public/js
INFO: [ app_init ] --START--
INFO: Run Behavior\BuildLiteBehavior [ RunTime:0.000000s ]
INFO: [ app_init ] --END-- [ RunTime:0.001001s ]
ERR: 无法加载模块:Public

[ 2016-07-28T10:14:34+08:00 ] 127.0.0.1 /ingblog_home/Public/js/nav./ingblog_home/Public/js
INFO: [ app_init ] --START--
INFO: Run Behavior\BuildLiteBehavior [ RunTime:0.000000s ]
INFO: [ app_init ] --END-- [ RunTime:0.001000s ]
ERR: 无法加载模块:Public

[ 2016-07-28T10:23:15+08:00 ] 127.0.0.1 /ingblog_home/Public/js/nav./ingblog_home/Public/js
INFO: [ app_init ] --START--
INFO: Run Behavior\BuildLiteBehavior [ RunTime:0.000000s ]
INFO: [ app_init ] --END-- [ RunTime:0.001000s ]
ERR: 无法加载模块:Public

[ 2016-07-28T10:23:15+08:00 ] 127.0.0.1 /ingblog_home/Publicjs/common.js
INFO: [ app_init ] --START--
INFO: Run Behavior\BuildLiteBehavior [ RunTime:0.000000s ]
INFO: [ app_init ] --END-- [ RunTime:0.003000s ]
ERR: 无法加载模块:Publicjs

[ 2016-07-28T10:23:15+08:00 ] 127.0.0.1 /ingblog_home/Publicjs/waterfall.js
INFO: [ app_init ] --START--
INFO: Run Behavior\BuildLiteBehavior [ RunTime:0.000000s ]
INFO: [ app_init ] --END-- [ RunTime:0.001000s ]
ERR: 无法加载模块:Publicjs

[ 2016-07-28T10:23:16+08:00 ] 127.0.0.1 /ingblog_home/Publicjs/common.js
INFO: [ app_init ] --START--
INFO: Run Behavior\BuildLiteBehavior [ RunTime:0.000000s ]
INFO: [ app_init ] --END-- [ RunTime:0.001001s ]
ERR: 无法加载模块:Publicjs

[ 2016-07-28T10:23:16+08:00 ] 127.0.0.1 /ingblog_home/Publicjs/waterfall.js
INFO: [ app_init ] --START--
INFO: Run Behavior\BuildLiteBehavior [ RunTime:0.000000s ]
INFO: [ app_init ] --END-- [ RunTime:0.001000s ]
ERR: 无法加载模块:Publicjs

[ 2016-07-28T10:23:16+08:00 ] 127.0.0.1 /ingblog_home/Public/js/nav./ingblog_home/Public/js
INFO: [ app_init ] --START--
INFO: Run Behavior\BuildLiteBehavior [ RunTime:0.000000s ]
INFO: [ app_init ] --END-- [ RunTime:0.000000s ]
ERR: 无法加载模块:Public

[ 2016-07-28T10:23:30+08:00 ] 127.0.0.1 /ingblog_home/Public/js/nav./ingblog_home/Public/js
INFO: [ app_init ] --START--
INFO: Run Behavior\BuildLiteBehavior [ RunTime:0.000000s ]
INFO: [ app_init ] --END-- [ RunTime:0.000000s ]
ERR: 无法加载模块:Public

[ 2016-07-28T10:23:30+08:00 ] 127.0.0.1 /ingblog_home/Publicjs/waterfall.js
INFO: [ app_init ] --START--
INFO: Run Behavior\BuildLiteBehavior [ RunTime:0.000000s ]
INFO: [ app_init ] --END-- [ RunTime:0.001000s ]
ERR: 无法加载模块:Publicjs

[ 2016-07-28T10:23:30+08:00 ] 127.0.0.1 /ingblog_home/Publicjs/common.js
INFO: [ app_init ] --START--
INFO: Run Behavior\BuildLiteBehavior [ RunTime:0.000000s ]
INFO: [ app_init ] --END-- [ RunTime:0.001000s ]
ERR: 无法加载模块:Publicjs

[ 2016-07-28T10:23:30+08:00 ] 127.0.0.1 /ingblog_home/Publicjs/common.js
INFO: [ app_init ] --START--
INFO: Run Behavior\BuildLiteBehavior [ RunTime:0.000000s ]
INFO: [ app_init ] --END-- [ RunTime:0.001000s ]
ERR: 无法加载模块:Publicjs

[ 2016-07-28T10:23:30+08:00 ] 127.0.0.1 /ingblog_home/Publicjs/waterfall.js
INFO: [ app_init ] --START--
INFO: Run Behavior\BuildLiteBehavior [ RunTime:0.000000s ]
INFO: [ app_init ] --END-- [ RunTime:0.000000s ]
ERR: 无法加载模块:Publicjs

[ 2016-07-28T10:23:30+08:00 ] 127.0.0.1 /ingblog_home/Public/js/nav./ingblog_home/Public/js
INFO: [ app_init ] --START--
INFO: Run Behavior\BuildLiteBehavior [ RunTime:0.000000s ]
INFO: [ app_init ] --END-- [ RunTime:0.001000s ]
ERR: 无法加载模块:Public

[ 2016-07-28T10:23:32+08:00 ] 127.0.0.1 /ingblog_home/Publicjs/common.js
INFO: [ app_init ] --START--
INFO: Run Behavior\BuildLiteBehavior [ RunTime:0.000000s ]
INFO: [ app_init ] --END-- [ RunTime:0.001000s ]
ERR: 无法加载模块:Publicjs

[ 2016-07-28T10:23:32+08:00 ] 127.0.0.1 /ingblog_home/Publicjs/waterfall.js
INFO: [ app_init ] --START--
INFO: Run Behavior\BuildLiteBehavior [ RunTime:0.000000s ]
INFO: [ app_init ] --END-- [ RunTime:0.001000s ]
ERR: 无法加载模块:Publicjs

[ 2016-07-28T10:23:32+08:00 ] 127.0.0.1 /ingblog_home/Public/js/nav./ingblog_home/Public/js
INFO: [ app_init ] --START--
INFO: Run Behavior\BuildLiteBehavior [ RunTime:0.000000s ]
INFO: [ app_init ] --END-- [ RunTime:0.001000s ]
ERR: 无法加载模块:Public

[ 2016-07-28T10:23:33+08:00 ] 127.0.0.1 /ingblog_home/Publicjs/common.js
INFO: [ app_init ] --START--
INFO: Run Behavior\BuildLiteBehavior [ RunTime:0.000000s ]
INFO: [ app_init ] --END-- [ RunTime:0.000000s ]
ERR: 无法加载模块:Publicjs

[ 2016-07-28T10:23:33+08:00 ] 127.0.0.1 /ingblog_home/Publicjs/waterfall.js
INFO: [ app_init ] --START--
INFO: Run Behavior\BuildLiteBehavior [ RunTime:0.000000s ]
INFO: [ app_init ] --END-- [ RunTime:0.000000s ]
ERR: 无法加载模块:Publicjs

[ 2016-07-28T10:23:33+08:00 ] 127.0.0.1 /ingblog_home/Public/js/nav./ingblog_home/Public/js
INFO: [ app_init ] --START--
INFO: Run Behavior\BuildLiteBehavior [ RunTime:0.000000s ]
INFO: [ app_init ] --END-- [ RunTime:0.000000s ]
ERR: 无法加载模块:Public

[ 2016-07-28T10:23:34+08:00 ] 127.0.0.1 /ingblog_home/Publicjs/common.js
INFO: [ app_init ] --START--
INFO: Run Behavior\BuildLiteBehavior [ RunTime:0.000000s ]
INFO: [ app_init ] --END-- [ RunTime:0.000000s ]
ERR: 无法加载模块:Publicjs

[ 2016-07-28T10:23:34+08:00 ] 127.0.0.1 /ingblog_home/Public/js/nav./ingblog_home/Public/js
INFO: [ app_init ] --START--
INFO: Run Behavior\BuildLiteBehavior [ RunTime:0.000000s ]
INFO: [ app_init ] --END-- [ RunTime:0.001000s ]
ERR: 无法加载模块:Public

[ 2016-07-28T10:23:34+08:00 ] 127.0.0.1 /ingblog_home/Publicjs/waterfall.js
INFO: [ app_init ] --START--
INFO: Run Behavior\BuildLiteBehavior [ RunTime:0.000000s ]
INFO: [ app_init ] --END-- [ RunTime:0.001000s ]
ERR: 无法加载模块:Publicjs

[ 2016-07-28T10:23:34+08:00 ] 127.0.0.1 /ingblog_home/Publicjs/common.js
INFO: [ app_init ] --START--
INFO: Run Behavior\BuildLiteBehavior [ RunTime:0.000000s ]
INFO: [ app_init ] --END-- [ RunTime:0.002000s ]
ERR: 无法加载模块:Publicjs

[ 2016-07-28T10:23:34+08:00 ] 127.0.0.1 /ingblog_home/Publicjs/waterfall.js
INFO: [ app_init ] --START--
INFO: Run Behavior\BuildLiteBehavior [ RunTime:0.000000s ]
INFO: [ app_init ] --END-- [ RunTime:0.001000s ]
ERR: 无法加载模块:Publicjs

[ 2016-07-28T10:23:35+08:00 ] 127.0.0.1 /ingblog_home/Public/js/nav./ingblog_home/Public/js
INFO: [ app_init ] --START--
INFO: Run Behavior\BuildLiteBehavior [ RunTime:0.000000s ]
INFO: [ app_init ] --END-- [ RunTime:0.003000s ]
ERR: 无法加载模块:Public

[ 2016-07-28T10:23:40+08:00 ] 127.0.0.1 /ingblog_home/Publicjs/waterfall.js
INFO: [ app_init ] --START--
INFO: Run Behavior\BuildLiteBehavior [ RunTime:0.000000s ]
INFO: [ app_init ] --END-- [ RunTime:0.001000s ]
ERR: 无法加载模块:Publicjs

[ 2016-07-28T10:23:40+08:00 ] 127.0.0.1 /ingblog_home/Public/js/nav./ingblog_home/Public/js
INFO: [ app_init ] --START--
INFO: Run Behavior\BuildLiteBehavior [ RunTime:0.000000s ]
INFO: [ app_init ] --END-- [ RunTime:0.002000s ]
ERR: 无法加载模块:Public

[ 2016-07-28T10:23:40+08:00 ] 127.0.0.1 /ingblog_home/Publicjs/common.js
INFO: [ app_init ] --START--
INFO: Run Behavior\BuildLiteBehavior [ RunTime:0.000000s ]
INFO: [ app_init ] --END-- [ RunTime:0.001000s ]
ERR: 无法加载模块:Publicjs

[ 2016-07-28T10:23:40+08:00 ] 127.0.0.1 /ingblog_home/Publicjs/common.js
INFO: [ app_init ] --START--
INFO: Run Behavior\BuildLiteBehavior [ RunTime:0.000000s ]
INFO: [ app_init ] --END-- [ RunTime:0.001000s ]
ERR: 无法加载模块:Publicjs

[ 2016-07-28T10:23:41+08:00 ] 127.0.0.1 /ingblog_home/Publicjs/waterfall.js
INFO: [ app_init ] --START--
INFO: Run Behavior\BuildLiteBehavior [ RunTime:0.000000s ]
INFO: [ app_init ] --END-- [ RunTime:0.001000s ]
ERR: 无法加载模块:Publicjs

[ 2016-07-28T10:23:41+08:00 ] 127.0.0.1 /ingblog_home/Public/js/nav./ingblog_home/Public/js
INFO: [ app_init ] --START--
INFO: Run Behavior\BuildLiteBehavior [ RunTime:0.000000s ]
INFO: [ app_init ] --END-- [ RunTime:0.001000s ]
ERR: 无法加载模块:Public

[ 2016-07-28T10:24:21+08:00 ] 127.0.0.1 /ingblog_home/Public/js/nav./ingblog_home/Public/js
INFO: [ app_init ] --START--
INFO: Run Behavior\BuildLiteBehavior [ RunTime:0.000000s ]
INFO: [ app_init ] --END-- [ RunTime:0.001000s ]
ERR: 无法加载模块:Public

[ 2016-07-28T10:24:21+08:00 ] 127.0.0.1 /ingblog_home/Publicjs/common.js
INFO: [ app_init ] --START--
INFO: Run Behavior\BuildLiteBehavior [ RunTime:0.000000s ]
INFO: [ app_init ] --END-- [ RunTime:0.008000s ]
ERR: 无法加载模块:Publicjs

[ 2016-07-28T10:24:21+08:00 ] 127.0.0.1 /ingblog_home/Publicjs/waterfall.js
INFO: [ app_init ] --START--
INFO: Run Behavior\BuildLiteBehavior [ RunTime:0.000000s ]
INFO: [ app_init ] --END-- [ RunTime:0.002000s ]
ERR: 无法加载模块:Publicjs

[ 2016-07-28T10:24:22+08:00 ] 127.0.0.1 /ingblog_home/Publicjs/common.js
INFO: [ app_init ] --START--
INFO: Run Behavior\BuildLiteBehavior [ RunTime:0.000000s ]
INFO: [ app_init ] --END-- [ RunTime:0.001000s ]
ERR: 无法加载模块:Publicjs

[ 2016-07-28T10:24:22+08:00 ] 127.0.0.1 /ingblog_home/Publicjs/waterfall.js
INFO: [ app_init ] --START--
INFO: Run Behavior\BuildLiteBehavior [ RunTime:0.000000s ]
INFO: [ app_init ] --END-- [ RunTime:0.001000s ]
ERR: 无法加载模块:Publicjs

[ 2016-07-28T10:24:22+08:00 ] 127.0.0.1 /ingblog_home/Public/js/nav./ingblog_home/Public/js
INFO: [ app_init ] --START--
INFO: Run Behavior\BuildLiteBehavior [ RunTime:0.000000s ]
INFO: [ app_init ] --END-- [ RunTime:0.002000s ]
ERR: 无法加载模块:Public

[ 2016-07-28T10:24:49+08:00 ] 127.0.0.1 /ingblog_home/Publicjs/common.js
INFO: [ app_init ] --START--
INFO: Run Behavior\BuildLiteBehavior [ RunTime:0.000000s ]
INFO: [ app_init ] --END-- [ RunTime:0.001000s ]
ERR: 无法加载模块:Publicjs

[ 2016-07-28T10:24:49+08:00 ] 127.0.0.1 /ingblog_home/Publicjs/waterfall.js
INFO: [ app_init ] --START--
INFO: Run Behavior\BuildLiteBehavior [ RunTime:0.000000s ]
INFO: [ app_init ] --END-- [ RunTime:0.002000s ]
ERR: 无法加载模块:Publicjs

[ 2016-07-28T10:24:49+08:00 ] 127.0.0.1 /ingblog_home/Public/js/nav./ingblog_home/Public/js
INFO: [ app_init ] --START--
INFO: Run Behavior\BuildLiteBehavior [ RunTime:0.000000s ]
INFO: [ app_init ] --END-- [ RunTime:0.002000s ]
ERR: 无法加载模块:Public

[ 2016-07-28T10:24:49+08:00 ] 127.0.0.1 /ingblog_home/Publicjs/common.js
INFO: [ app_init ] --START--
INFO: Run Behavior\BuildLiteBehavior [ RunTime:0.000000s ]
INFO: [ app_init ] --END-- [ RunTime:0.001000s ]
ERR: 无法加载模块:Publicjs

[ 2016-07-28T10:24:49+08:00 ] 127.0.0.1 /ingblog_home/Publicjs/waterfall.js
INFO: [ app_init ] --START--
INFO: Run Behavior\BuildLiteBehavior [ RunTime:0.000000s ]
INFO: [ app_init ] --END-- [ RunTime:0.001000s ]
ERR: 无法加载模块:Publicjs

[ 2016-07-28T10:24:49+08:00 ] 127.0.0.1 /ingblog_home/Public/js/nav./ingblog_home/Public/js
INFO: [ app_init ] --START--
INFO: Run Behavior\BuildLiteBehavior [ RunTime:0.000000s ]
INFO: [ app_init ] --END-- [ RunTime:0.001000s ]
ERR: 无法加载模块:Public

[ 2016-07-28T10:25:10+08:00 ] 127.0.0.1 /ingblog_home/Public/js/nav./ingblog_home/Public/js
INFO: [ app_init ] --START--
INFO: Run Behavior\BuildLiteBehavior [ RunTime:0.000000s ]
INFO: [ app_init ] --END-- [ RunTime:0.000000s ]
ERR: 无法加载模块:Public

[ 2016-07-28T10:25:10+08:00 ] 127.0.0.1 /ingblog_home/Public/js/nav./ingblog_home/Public/js
INFO: [ app_init ] --START--
INFO: Run Behavior\BuildLiteBehavior [ RunTime:0.000000s ]
INFO: [ app_init ] --END-- [ RunTime:0.001000s ]
ERR: 无法加载模块:Public

