[ 2016-09-19T08:47:14+08:00 ] ::1 /ingblog_home/Home/Index/single/id/40.html
INFO: [ app_init ] --START--
INFO: Run Behavior\BuildLiteBehavior [ RunTime:0.000000s ]
INFO: [ app_init ] --END-- [ RunTime:0.002000s ]
INFO: [ app_begin ] --START--
INFO: Run Behavior\ReadHtmlCacheBehavior [ RunTime:0.002000s ]
INFO: [ app_begin ] --END-- [ RunTime:0.002000s ]
SQL: SHOW COLUMNS FROM `blog_post` [ RunTime:0.0100s ]
SQL: SHOW COLUMNS FROM `blog_file` [ RunTime:0.0130s ]
SQL: SHOW COLUMNS FROM `blog_tag` [ RunTime:0.0110s ]
SQL: SHOW COLUMNS FROM `blog_comment` [ RunTime:0.0240s ]
SQL: SHOW COLUMNS FROM `blog_cat` [ RunTime:0.0090s ]
SQL: SELECT * FROM `blog_post` WHERE `is_del` = 0 AND `type` = 1 AND `cover_url` <> '' ORDER BY click_count desc LIMIT 3   [ RunTime:0.0010s ]
SQL: SELECT * FROM `blog_tag` ORDER BY sort desc  [ RunTime:0.0030s ]
SQL: SELECT * FROM `blog_post` WHERE `id` = 40 LIMIT 1   [ RunTime:0.0020s ]
SQL: SELECT `name`,`savepath` FROM `blog_file` WHERE `id` IN ('52','51','44','45','41','40','39','43','50','46','42','38','37','36','35','34','30','31','33','32') LIMIT 10   [ RunTime:0.0010s ]
SQL: SELECT COUNT(*) AS tp_count FROM `blog_comment` WHERE `post_id` = 40 LIMIT 1   [ RunTime:0.0010s ]
SQL: SELECT c.*,t.username,`avatar` FROM `blog_comment`  as c left join blog_tourist as t on t.tourist_id = c.tourist_id  WHERE `is_del` = 0 AND `post_id` = '40' ORDER BY ctime desc LIMIT 0,10   [ RunTime:0.0010s ]
SQL: SELECT c1.*,blog_cat.name as cname,blog_cat.cat_id as cid FROM `blog_cat`  left join blog_cat as c1 on blog_cat.parent_id=c1.cat_id  WHERE blog_cat.cat_id = '28' LIMIT 1   [ RunTime:0.0040s ]
SQL: SELECT c1.*,blog_cat.name as cname,blog_cat.cat_id as cid FROM `blog_cat`  left join blog_cat as c1 on blog_cat.parent_id=c1.cat_id  WHERE blog_cat.cat_id = null LIMIT 1   [ RunTime:0.0010s ]
SQL: SELECT `cat_id` FROM `blog_cat` WHERE `parent_id` = 28  [ RunTime:0.0030s ]
SQL: SELECT `id`,`title` FROM `blog_post` WHERE `id` < 40 AND `cat_id` IN ('28') ORDER BY id desc LIMIT 1   [ RunTime:0.0040s ]
SQL: SELECT `id`,`title` FROM `blog_post` WHERE `cat_id` IN ('28') AND `id` > 40 ORDER BY id asc LIMIT 1   [ RunTime:0.0050s ]
INFO: [ view_parse ] --START--
INFO: [ template_filter ] --START--
INFO: Run Behavior\ContentReplaceBehavior [ RunTime:0.000000s ]
INFO: [ template_filter ] --END-- [ RunTime:0.000000s ]
NOTIC: [8] Use of undefined constant imagesDir - assumed 'imagesDir' E:\phpStudy\WWW\ingblog_home\App\Runtime\Cache\Home\fc9841532c83a7e0c782a0c17f5c8f10.php 第 110 行.
NOTIC: [8] Use of undefined constant imagesDir - assumed 'imagesDir' E:\phpStudy\WWW\ingblog_home\App\Runtime\Cache\Home\fc9841532c83a7e0c782a0c17f5c8f10.php 第 110 行.
NOTIC: [8] Use of undefined constant imagesDir - assumed 'imagesDir' E:\phpStudy\WWW\ingblog_home\App\Runtime\Cache\Home\fc9841532c83a7e0c782a0c17f5c8f10.php 第 110 行.
NOTIC: [8] Use of undefined constant imagesDir - assumed 'imagesDir' E:\phpStudy\WWW\ingblog_home\App\Runtime\Cache\Home\fc9841532c83a7e0c782a0c17f5c8f10.php 第 110 行.
NOTIC: [8] Use of undefined constant imagesDir - assumed 'imagesDir' E:\phpStudy\WWW\ingblog_home\App\Runtime\Cache\Home\fc9841532c83a7e0c782a0c17f5c8f10.php 第 110 行.
NOTIC: [8] Use of undefined constant imagesDir - assumed 'imagesDir' E:\phpStudy\WWW\ingblog_home\App\Runtime\Cache\Home\fc9841532c83a7e0c782a0c17f5c8f10.php 第 110 行.
NOTIC: [8] Use of undefined constant imagesDir - assumed 'imagesDir' E:\phpStudy\WWW\ingblog_home\App\Runtime\Cache\Home\fc9841532c83a7e0c782a0c17f5c8f10.php 第 110 行.
NOTIC: [8] Use of undefined constant imagesDir - assumed 'imagesDir' E:\phpStudy\WWW\ingblog_home\App\Runtime\Cache\Home\fc9841532c83a7e0c782a0c17f5c8f10.php 第 110 行.
NOTIC: [8] Use of undefined constant imagesDir - assumed 'imagesDir' E:\phpStudy\WWW\ingblog_home\App\Runtime\Cache\Home\fc9841532c83a7e0c782a0c17f5c8f10.php 第 110 行.
NOTIC: [8] Use of undefined constant imagesDir - assumed 'imagesDir' E:\phpStudy\WWW\ingblog_home\App\Runtime\Cache\Home\fc9841532c83a7e0c782a0c17f5c8f10.php 第 110 行.
NOTIC: [8] Undefined index: tourist_id E:\phpStudy\WWW\ingblog_home\App\Runtime\Cache\Home\fc9841532c83a7e0c782a0c17f5c8f10.php 第 120 行.
NOTIC: [8] Undefined index: tourist_id E:\phpStudy\WWW\ingblog_home\App\Runtime\Cache\Home\fc9841532c83a7e0c782a0c17f5c8f10.php 第 139 行.
INFO: Run Behavior\ParseTemplateBehavior [ RunTime:0.036002s ]
INFO: [ view_parse ] --END-- [ RunTime:0.036002s ]
INFO: [ view_filter ] --START--
INFO: Run Behavior\WriteHtmlCacheBehavior [ RunTime:0.002000s ]
INFO: [ view_filter ] --END-- [ RunTime:0.002000s ]
INFO: [ app_end ] --START--
INFO: Run Behavior\ShowPageTraceBehavior [ RunTime:0.002000s ]
INFO: [ app_end ] --END-- [ RunTime:0.002000s ]

[ 2016-09-19T08:47:26+08:00 ] ::1 /ingblog_home/Home/Index/ajaxGetPhotoList.html
INFO: [ app_init ] --START--
INFO: Run Behavior\BuildLiteBehavior [ RunTime:0.000000s ]
INFO: [ app_init ] --END-- [ RunTime:0.001000s ]
INFO: [ app_begin ] --START--
INFO: Run Behavior\ReadHtmlCacheBehavior [ RunTime:0.001000s ]
INFO: [ app_begin ] --END-- [ RunTime:0.001000s ]
SQL: SHOW COLUMNS FROM `blog_post` [ RunTime:0.0130s ]
SQL: SHOW COLUMNS FROM `blog_file` [ RunTime:0.0140s ]
SQL: SHOW COLUMNS FROM `blog_tag` [ RunTime:0.0140s ]
SQL: SHOW COLUMNS FROM `blog_comment` [ RunTime:0.0720s ]
SQL: SHOW COLUMNS FROM `blog_cat` [ RunTime:0.0300s ]
SQL: SELECT * FROM `blog_post` WHERE `is_del` = 0 AND `type` = 1 AND `cover_url` <> '' ORDER BY click_count desc LIMIT 3   [ RunTime:0.0020s ]
SQL: SELECT * FROM `blog_tag` ORDER BY sort desc  [ RunTime:0.0010s ]
SQL: SELECT * FROM `blog_post` WHERE `id` = 40 LIMIT 1   [ RunTime:0.0010s ]
SQL: SELECT `name`,`savepath` FROM `blog_file` WHERE `id` IN ('52','51','44','45','41','40','39','43','50','46','42','38','37','36','35','34','30','31','33','32') LIMIT 10,10   [ RunTime:0.0000s ]

[ 2016-09-19T08:50:05+08:00 ] 127.0.0.1 /ingblog_home/Home/Index/single/id/40.html
INFO: [ app_init ] --START--
INFO: Run Behavior\BuildLiteBehavior [ RunTime:0.000000s ]
INFO: [ app_init ] --END-- [ RunTime:0.000000s ]
INFO: [ app_begin ] --START--
INFO: Run Behavior\ReadHtmlCacheBehavior [ RunTime:0.000000s ]
INFO: [ app_begin ] --END-- [ RunTime:0.000000s ]
SQL: SHOW COLUMNS FROM `blog_post` [ RunTime:0.0000s ]
SQL: SHOW COLUMNS FROM `blog_file` [ RunTime:0.0312s ]
SQL: SHOW COLUMNS FROM `blog_tag` [ RunTime:0.0000s ]
SQL: SHOW COLUMNS FROM `blog_comment` [ RunTime:0.0312s ]
SQL: SHOW COLUMNS FROM `blog_cat` [ RunTime:0.0156s ]
SQL: SELECT * FROM `blog_post` WHERE `is_del` = 0 AND `type` = 1 AND `cover_url` <> '' ORDER BY click_count desc LIMIT 3   [ RunTime:0.0000s ]
SQL: SELECT * FROM `blog_tag` ORDER BY sort desc  [ RunTime:0.0000s ]
SQL: SELECT * FROM `blog_post` WHERE `id` = 40 LIMIT 1   [ RunTime:0.0000s ]
SQL: SELECT `name`,`savepath` FROM `blog_file` WHERE `id` IN ('52','51','44','45','41','40','39','43','50','46','42','38','37','36','35','34','30','31','33','32') LIMIT 10   [ RunTime:0.0000s ]
SQL: SELECT COUNT(*) AS tp_count FROM `blog_comment` WHERE `post_id` = 40 LIMIT 1   [ RunTime:0.0000s ]
SQL: SELECT c.*,t.username,`avatar` FROM `blog_comment`  as c left join blog_tourist as t on t.tourist_id = c.tourist_id  WHERE `is_del` = 0 AND `post_id` = '40' ORDER BY ctime desc LIMIT 0,10   [ RunTime:0.0156s ]
SQL: SELECT c1.*,blog_cat.name as cname,blog_cat.cat_id as cid FROM `blog_cat`  left join blog_cat as c1 on blog_cat.parent_id=c1.cat_id  WHERE blog_cat.cat_id = '28' LIMIT 1   [ RunTime:0.0000s ]
SQL: SELECT c1.*,blog_cat.name as cname,blog_cat.cat_id as cid FROM `blog_cat`  left join blog_cat as c1 on blog_cat.parent_id=c1.cat_id  WHERE blog_cat.cat_id = null LIMIT 1   [ RunTime:0.0000s ]
SQL: SELECT `cat_id` FROM `blog_cat` WHERE `parent_id` = 28  [ RunTime:0.0000s ]
SQL: SELECT `id`,`title` FROM `blog_post` WHERE `id` < 40 AND `cat_id` IN ('28') ORDER BY id desc LIMIT 1   [ RunTime:0.0000s ]
SQL: SELECT `id`,`title` FROM `blog_post` WHERE `cat_id` IN ('28') AND `id` > 40 ORDER BY id asc LIMIT 1   [ RunTime:0.0000s ]
INFO: [ view_parse ] --START--
INFO: [ template_filter ] --START--
INFO: Run Behavior\ContentReplaceBehavior [ RunTime:0.000000s ]
INFO: [ template_filter ] --END-- [ RunTime:0.000000s ]
NOTIC: [8] Use of undefined constant imagesDir - assumed 'imagesDir' E:\phpStudy\WWW\ingblog_home\App\Runtime\Cache\Home\fc9841532c83a7e0c782a0c17f5c8f10.php 第 110 行.
NOTIC: [8] Use of undefined constant imagesDir - assumed 'imagesDir' E:\phpStudy\WWW\ingblog_home\App\Runtime\Cache\Home\fc9841532c83a7e0c782a0c17f5c8f10.php 第 110 行.
NOTIC: [8] Use of undefined constant imagesDir - assumed 'imagesDir' E:\phpStudy\WWW\ingblog_home\App\Runtime\Cache\Home\fc9841532c83a7e0c782a0c17f5c8f10.php 第 110 行.
NOTIC: [8] Use of undefined constant imagesDir - assumed 'imagesDir' E:\phpStudy\WWW\ingblog_home\App\Runtime\Cache\Home\fc9841532c83a7e0c782a0c17f5c8f10.php 第 110 行.
NOTIC: [8] Use of undefined constant imagesDir - assumed 'imagesDir' E:\phpStudy\WWW\ingblog_home\App\Runtime\Cache\Home\fc9841532c83a7e0c782a0c17f5c8f10.php 第 110 行.
NOTIC: [8] Use of undefined constant imagesDir - assumed 'imagesDir' E:\phpStudy\WWW\ingblog_home\App\Runtime\Cache\Home\fc9841532c83a7e0c782a0c17f5c8f10.php 第 110 行.
NOTIC: [8] Use of undefined constant imagesDir - assumed 'imagesDir' E:\phpStudy\WWW\ingblog_home\App\Runtime\Cache\Home\fc9841532c83a7e0c782a0c17f5c8f10.php 第 110 行.
NOTIC: [8] Use of undefined constant imagesDir - assumed 'imagesDir' E:\phpStudy\WWW\ingblog_home\App\Runtime\Cache\Home\fc9841532c83a7e0c782a0c17f5c8f10.php 第 110 行.
NOTIC: [8] Use of undefined constant imagesDir - assumed 'imagesDir' E:\phpStudy\WWW\ingblog_home\App\Runtime\Cache\Home\fc9841532c83a7e0c782a0c17f5c8f10.php 第 110 行.
NOTIC: [8] Use of undefined constant imagesDir - assumed 'imagesDir' E:\phpStudy\WWW\ingblog_home\App\Runtime\Cache\Home\fc9841532c83a7e0c782a0c17f5c8f10.php 第 110 行.
INFO: Run Behavior\ParseTemplateBehavior [ RunTime:0.031200s ]
INFO: [ view_parse ] --END-- [ RunTime:0.031200s ]
INFO: [ view_filter ] --START--
INFO: Run Behavior\WriteHtmlCacheBehavior [ RunTime:0.015600s ]
INFO: [ view_filter ] --END-- [ RunTime:0.015600s ]
INFO: [ app_end ] --START--
INFO: Run Behavior\ShowPageTraceBehavior [ RunTime:0.000000s ]
INFO: [ app_end ] --END-- [ RunTime:0.000000s ]

[ 2016-09-19T08:50:11+08:00 ] 127.0.0.1 /ingblog_home/Home/Index/ajaxGetPhotoList.html
INFO: [ app_init ] --START--
INFO: Run Behavior\BuildLiteBehavior [ RunTime:0.000000s ]
INFO: [ app_init ] --END-- [ RunTime:0.001000s ]
INFO: [ app_begin ] --START--
INFO: Run Behavior\ReadHtmlCacheBehavior [ RunTime:0.001001s ]
INFO: [ app_begin ] --END-- [ RunTime:0.001001s ]
SQL: SHOW COLUMNS FROM `blog_post` [ RunTime:0.0190s ]
SQL: SHOW COLUMNS FROM `blog_file` [ RunTime:0.0370s ]
SQL: SHOW COLUMNS FROM `blog_tag` [ RunTime:0.0160s ]
SQL: SHOW COLUMNS FROM `blog_comment` [ RunTime:0.0200s ]
SQL: SHOW COLUMNS FROM `blog_cat` [ RunTime:0.0120s ]
SQL: SELECT * FROM `blog_post` WHERE `is_del` = 0 AND `type` = 1 AND `cover_url` <> '' ORDER BY click_count desc LIMIT 3   [ RunTime:0.0010s ]
SQL: SELECT * FROM `blog_tag` ORDER BY sort desc  [ RunTime:0.0000s ]
SQL: SELECT * FROM `blog_post` WHERE `id` = 40 LIMIT 1   [ RunTime:0.0000s ]
SQL: SELECT `name`,`savepath` FROM `blog_file` WHERE `id` IN ('52','51','44','45','41','40','39','43','50','46','42','38','37','36','35','34','30','31','33','32') LIMIT 10,10   [ RunTime:0.0000s ]

[ 2016-09-19T08:52:12+08:00 ] 127.0.0.1 /ingblog_home/Home/Index/single/id/40.html
INFO: [ app_init ] --START--
INFO: Run Behavior\BuildLiteBehavior [ RunTime:0.000000s ]
INFO: [ app_init ] --END-- [ RunTime:0.000000s ]
INFO: [ app_begin ] --START--
INFO: Run Behavior\ReadHtmlCacheBehavior [ RunTime:0.000000s ]
INFO: [ app_begin ] --END-- [ RunTime:0.000000s ]
SQL: SHOW COLUMNS FROM `blog_post` [ RunTime:0.0156s ]
SQL: SHOW COLUMNS FROM `blog_file` [ RunTime:0.0156s ]
SQL: SHOW COLUMNS FROM `blog_tag` [ RunTime:0.0156s ]
SQL: SHOW COLUMNS FROM `blog_comment` [ RunTime:0.0312s ]
SQL: SHOW COLUMNS FROM `blog_cat` [ RunTime:0.0156s ]
SQL: SELECT * FROM `blog_post` WHERE `is_del` = 0 AND `type` = 1 AND `cover_url` <> '' ORDER BY click_count desc LIMIT 3   [ RunTime:0.0000s ]
SQL: SELECT * FROM `blog_tag` ORDER BY sort desc  [ RunTime:0.0000s ]
SQL: SELECT * FROM `blog_post` WHERE `id` = 40 LIMIT 1   [ RunTime:0.0000s ]
SQL: SELECT `name`,`savepath` FROM `blog_file` WHERE `id` IN ('52','51','44','45','41','40','39','43','50','46','42','38','37','36','35','34','30','31','33','32') LIMIT 10   [ RunTime:0.0000s ]
SQL: SELECT COUNT(*) AS tp_count FROM `blog_comment` WHERE `post_id` = 40 LIMIT 1   [ RunTime:0.0000s ]
SQL: SELECT c.*,t.username,`avatar` FROM `blog_comment`  as c left join blog_tourist as t on t.tourist_id = c.tourist_id  WHERE `is_del` = 0 AND `post_id` = '40' ORDER BY ctime desc LIMIT 0,10   [ RunTime:0.0000s ]
SQL: SELECT c1.*,blog_cat.name as cname,blog_cat.cat_id as cid FROM `blog_cat`  left join blog_cat as c1 on blog_cat.parent_id=c1.cat_id  WHERE blog_cat.cat_id = '28' LIMIT 1   [ RunTime:0.0000s ]
SQL: SELECT c1.*,blog_cat.name as cname,blog_cat.cat_id as cid FROM `blog_cat`  left join blog_cat as c1 on blog_cat.parent_id=c1.cat_id  WHERE blog_cat.cat_id = null LIMIT 1   [ RunTime:0.0000s ]
SQL: SELECT `cat_id` FROM `blog_cat` WHERE `parent_id` = 28  [ RunTime:0.0000s ]
SQL: SELECT `id`,`title` FROM `blog_post` WHERE `id` < 40 AND `cat_id` IN ('28') ORDER BY id desc LIMIT 1   [ RunTime:0.0000s ]
SQL: SELECT `id`,`title` FROM `blog_post` WHERE `cat_id` IN ('28') AND `id` > 40 ORDER BY id asc LIMIT 1   [ RunTime:0.0000s ]
INFO: [ view_parse ] --START--
INFO: [ template_filter ] --START--
INFO: Run Behavior\ContentReplaceBehavior [ RunTime:0.000000s ]
INFO: [ template_filter ] --END-- [ RunTime:0.000000s ]
NOTIC: [8] Use of undefined constant imagesDir - assumed 'imagesDir' E:\phpStudy\WWW\ingblog_home\App\Runtime\Cache\Home\fc9841532c83a7e0c782a0c17f5c8f10.php 第 110 行.
NOTIC: [8] Use of undefined constant imagesDir - assumed 'imagesDir' E:\phpStudy\WWW\ingblog_home\App\Runtime\Cache\Home\fc9841532c83a7e0c782a0c17f5c8f10.php 第 110 行.
NOTIC: [8] Use of undefined constant imagesDir - assumed 'imagesDir' E:\phpStudy\WWW\ingblog_home\App\Runtime\Cache\Home\fc9841532c83a7e0c782a0c17f5c8f10.php 第 110 行.
NOTIC: [8] Use of undefined constant imagesDir - assumed 'imagesDir' E:\phpStudy\WWW\ingblog_home\App\Runtime\Cache\Home\fc9841532c83a7e0c782a0c17f5c8f10.php 第 110 行.
NOTIC: [8] Use of undefined constant imagesDir - assumed 'imagesDir' E:\phpStudy\WWW\ingblog_home\App\Runtime\Cache\Home\fc9841532c83a7e0c782a0c17f5c8f10.php 第 110 行.
NOTIC: [8] Use of undefined constant imagesDir - assumed 'imagesDir' E:\phpStudy\WWW\ingblog_home\App\Runtime\Cache\Home\fc9841532c83a7e0c782a0c17f5c8f10.php 第 110 行.
NOTIC: [8] Use of undefined constant imagesDir - assumed 'imagesDir' E:\phpStudy\WWW\ingblog_home\App\Runtime\Cache\Home\fc9841532c83a7e0c782a0c17f5c8f10.php 第 110 行.
NOTIC: [8] Use of undefined constant imagesDir - assumed 'imagesDir' E:\phpStudy\WWW\ingblog_home\App\Runtime\Cache\Home\fc9841532c83a7e0c782a0c17f5c8f10.php 第 110 行.
NOTIC: [8] Use of undefined constant imagesDir - assumed 'imagesDir' E:\phpStudy\WWW\ingblog_home\App\Runtime\Cache\Home\fc9841532c83a7e0c782a0c17f5c8f10.php 第 110 行.
NOTIC: [8] Use of undefined constant imagesDir - assumed 'imagesDir' E:\phpStudy\WWW\ingblog_home\App\Runtime\Cache\Home\fc9841532c83a7e0c782a0c17f5c8f10.php 第 110 行.
INFO: Run Behavior\ParseTemplateBehavior [ RunTime:0.031200s ]
INFO: [ view_parse ] --END-- [ RunTime:0.031200s ]
INFO: [ view_filter ] --START--
INFO: Run Behavior\WriteHtmlCacheBehavior [ RunTime:0.000000s ]
INFO: [ view_filter ] --END-- [ RunTime:0.000000s ]
INFO: [ app_end ] --START--
INFO: Run Behavior\ShowPageTraceBehavior [ RunTime:0.000000s ]
INFO: [ app_end ] --END-- [ RunTime:0.000000s ]

[ 2016-09-19T08:52:20+08:00 ] 127.0.0.1 /ingblog_home/Home/Index/ajaxGetPhotoList.html
INFO: [ app_init ] --START--
INFO: Run Behavior\BuildLiteBehavior [ RunTime:0.000000s ]
INFO: [ app_init ] --END-- [ RunTime:0.001000s ]
INFO: [ app_begin ] --START--
INFO: Run Behavior\ReadHtmlCacheBehavior [ RunTime:0.002000s ]
INFO: [ app_begin ] --END-- [ RunTime:0.002000s ]
SQL: SHOW COLUMNS FROM `blog_post` [ RunTime:0.0120s ]
SQL: SHOW COLUMNS FROM `blog_file` [ RunTime:0.0100s ]
SQL: SHOW COLUMNS FROM `blog_tag` [ RunTime:0.0130s ]
SQL: SHOW COLUMNS FROM `blog_comment` [ RunTime:0.0090s ]
SQL: SHOW COLUMNS FROM `blog_cat` [ RunTime:0.0100s ]
SQL: SELECT * FROM `blog_post` WHERE `is_del` = 0 AND `type` = 1 AND `cover_url` <> '' ORDER BY click_count desc LIMIT 3   [ RunTime:0.0020s ]
SQL: SELECT * FROM `blog_tag` ORDER BY sort desc  [ RunTime:0.0000s ]
SQL: SELECT * FROM `blog_post` WHERE `id` = 40 LIMIT 1   [ RunTime:0.0010s ]
SQL: SELECT `name`,`savepath` FROM `blog_file` WHERE `id` IN ('52','51','44','45','41','40','39','43','50','46','42','38','37','36','35','34','30','31','33','32') LIMIT 10,10   [ RunTime:0.0010s ]

[ 2016-09-19T08:52:33+08:00 ] ::1 /ingblog_home/Home/Index/single/id/40.html
INFO: [ app_init ] --START--
INFO: Run Behavior\BuildLiteBehavior [ RunTime:0.000000s ]
INFO: [ app_init ] --END-- [ RunTime:0.006001s ]
INFO: [ app_begin ] --START--
INFO: Run Behavior\ReadHtmlCacheBehavior [ RunTime:0.001000s ]
INFO: [ app_begin ] --END-- [ RunTime:0.004000s ]
SQL: SHOW COLUMNS FROM `blog_post` [ RunTime:0.0130s ]
SQL: SHOW COLUMNS FROM `blog_file` [ RunTime:0.0090s ]
SQL: SHOW COLUMNS FROM `blog_tag` [ RunTime:0.0160s ]
SQL: SHOW COLUMNS FROM `blog_comment` [ RunTime:0.0170s ]
SQL: SHOW COLUMNS FROM `blog_cat` [ RunTime:0.0120s ]
SQL: SELECT * FROM `blog_post` WHERE `is_del` = 0 AND `type` = 1 AND `cover_url` <> '' ORDER BY click_count desc LIMIT 3   [ RunTime:0.0010s ]
SQL: SELECT * FROM `blog_tag` ORDER BY sort desc  [ RunTime:0.0030s ]
SQL: SELECT * FROM `blog_post` WHERE `id` = 40 LIMIT 1   [ RunTime:0.0020s ]
SQL: SELECT `name`,`savepath` FROM `blog_file` WHERE `id` IN ('52','51','44','45','41','40','39','43','50','46','42','38','37','36','35','34','30','31','33','32') LIMIT 10   [ RunTime:0.0010s ]
SQL: SELECT COUNT(*) AS tp_count FROM `blog_comment` WHERE `post_id` = 40 LIMIT 1   [ RunTime:0.0010s ]
SQL: SELECT c.*,t.username,`avatar` FROM `blog_comment`  as c left join blog_tourist as t on t.tourist_id = c.tourist_id  WHERE `is_del` = 0 AND `post_id` = '40' ORDER BY ctime desc LIMIT 0,10   [ RunTime:0.0020s ]
SQL: SELECT c1.*,blog_cat.name as cname,blog_cat.cat_id as cid FROM `blog_cat`  left join blog_cat as c1 on blog_cat.parent_id=c1.cat_id  WHERE blog_cat.cat_id = '28' LIMIT 1   [ RunTime:0.0010s ]
SQL: SELECT c1.*,blog_cat.name as cname,blog_cat.cat_id as cid FROM `blog_cat`  left join blog_cat as c1 on blog_cat.parent_id=c1.cat_id  WHERE blog_cat.cat_id = null LIMIT 1   [ RunTime:0.0010s ]
SQL: SELECT `cat_id` FROM `blog_cat` WHERE `parent_id` = 28  [ RunTime:0.0000s ]
SQL: SELECT `id`,`title` FROM `blog_post` WHERE `id` < 40 AND `cat_id` IN ('28') ORDER BY id desc LIMIT 1   [ RunTime:0.0030s ]
SQL: SELECT `id`,`title` FROM `blog_post` WHERE `cat_id` IN ('28') AND `id` > 40 ORDER BY id asc LIMIT 1   [ RunTime:0.0010s ]
INFO: [ view_parse ] --START--
INFO: [ template_filter ] --START--
INFO: Run Behavior\ContentReplaceBehavior [ RunTime:0.001000s ]
INFO: [ template_filter ] --END-- [ RunTime:0.001000s ]
NOTIC: [8] Use of undefined constant imagesDir - assumed 'imagesDir' E:\phpStudy\WWW\ingblog_home\App\Runtime\Cache\Home\fc9841532c83a7e0c782a0c17f5c8f10.php 第 110 行.
NOTIC: [8] Use of undefined constant imagesDir - assumed 'imagesDir' E:\phpStudy\WWW\ingblog_home\App\Runtime\Cache\Home\fc9841532c83a7e0c782a0c17f5c8f10.php 第 110 行.
NOTIC: [8] Use of undefined constant imagesDir - assumed 'imagesDir' E:\phpStudy\WWW\ingblog_home\App\Runtime\Cache\Home\fc9841532c83a7e0c782a0c17f5c8f10.php 第 110 行.
NOTIC: [8] Use of undefined constant imagesDir - assumed 'imagesDir' E:\phpStudy\WWW\ingblog_home\App\Runtime\Cache\Home\fc9841532c83a7e0c782a0c17f5c8f10.php 第 110 行.
NOTIC: [8] Use of undefined constant imagesDir - assumed 'imagesDir' E:\phpStudy\WWW\ingblog_home\App\Runtime\Cache\Home\fc9841532c83a7e0c782a0c17f5c8f10.php 第 110 行.
NOTIC: [8] Use of undefined constant imagesDir - assumed 'imagesDir' E:\phpStudy\WWW\ingblog_home\App\Runtime\Cache\Home\fc9841532c83a7e0c782a0c17f5c8f10.php 第 110 行.
NOTIC: [8] Use of undefined constant imagesDir - assumed 'imagesDir' E:\phpStudy\WWW\ingblog_home\App\Runtime\Cache\Home\fc9841532c83a7e0c782a0c17f5c8f10.php 第 110 行.
NOTIC: [8] Use of undefined constant imagesDir - assumed 'imagesDir' E:\phpStudy\WWW\ingblog_home\App\Runtime\Cache\Home\fc9841532c83a7e0c782a0c17f5c8f10.php 第 110 行.
NOTIC: [8] Use of undefined constant imagesDir - assumed 'imagesDir' E:\phpStudy\WWW\ingblog_home\App\Runtime\Cache\Home\fc9841532c83a7e0c782a0c17f5c8f10.php 第 110 行.
NOTIC: [8] Use of undefined constant imagesDir - assumed 'imagesDir' E:\phpStudy\WWW\ingblog_home\App\Runtime\Cache\Home\fc9841532c83a7e0c782a0c17f5c8f10.php 第 110 行.
NOTIC: [8] Undefined index: tourist_id E:\phpStudy\WWW\ingblog_home\App\Runtime\Cache\Home\fc9841532c83a7e0c782a0c17f5c8f10.php 第 120 行.
NOTIC: [8] Undefined index: tourist_id E:\phpStudy\WWW\ingblog_home\App\Runtime\Cache\Home\fc9841532c83a7e0c782a0c17f5c8f10.php 第 139 行.
INFO: Run Behavior\ParseTemplateBehavior [ RunTime:0.037002s ]
INFO: [ view_parse ] --END-- [ RunTime:0.037002s ]
INFO: [ view_filter ] --START--
INFO: Run Behavior\WriteHtmlCacheBehavior [ RunTime:0.001000s ]
INFO: [ view_filter ] --END-- [ RunTime:0.001000s ]
INFO: [ app_end ] --START--
INFO: Run Behavior\ShowPageTraceBehavior [ RunTime:0.001000s ]
INFO: [ app_end ] --END-- [ RunTime:0.006000s ]

[ 2016-09-19T08:52:40+08:00 ] ::1 /ingblog_home/Home/Index/ajaxGetPhotoList.html
INFO: [ app_init ] --START--
INFO: Run Behavior\BuildLiteBehavior [ RunTime:0.000000s ]
INFO: [ app_init ] --END-- [ RunTime:0.001000s ]
INFO: [ app_begin ] --START--
INFO: Run Behavior\ReadHtmlCacheBehavior [ RunTime:0.002000s ]
INFO: [ app_begin ] --END-- [ RunTime:0.002000s ]
SQL: SHOW COLUMNS FROM `blog_post` [ RunTime:0.0100s ]
SQL: SHOW COLUMNS FROM `blog_file` [ RunTime:0.0100s ]
SQL: SHOW COLUMNS FROM `blog_tag` [ RunTime:0.0130s ]
SQL: SHOW COLUMNS FROM `blog_comment` [ RunTime:0.0220s ]
SQL: SHOW COLUMNS FROM `blog_cat` [ RunTime:0.0100s ]
SQL: SELECT * FROM `blog_post` WHERE `is_del` = 0 AND `type` = 1 AND `cover_url` <> '' ORDER BY click_count desc LIMIT 3   [ RunTime:0.0020s ]
SQL: SELECT * FROM `blog_tag` ORDER BY sort desc  [ RunTime:0.0010s ]
SQL: SELECT * FROM `blog_post` WHERE `id` = 40 LIMIT 1   [ RunTime:0.0010s ]
SQL: SELECT `name`,`savepath` FROM `blog_file` WHERE `id` IN ('52','51','44','45','41','40','39','43','50','46','42','38','37','36','35','34','30','31','33','32') LIMIT 10,10   [ RunTime:0.0010s ]

[ 2016-09-19T08:53:16+08:00 ] 127.0.0.1 /ingblog_home/Home/Index/single/id/40.html
INFO: [ app_init ] --START--
INFO: Run Behavior\BuildLiteBehavior [ RunTime:0.000000s ]
INFO: [ app_init ] --END-- [ RunTime:0.002000s ]
INFO: [ app_begin ] --START--
INFO: Run Behavior\ReadHtmlCacheBehavior [ RunTime:0.001000s ]
INFO: [ app_begin ] --END-- [ RunTime:0.001000s ]
SQL: SHOW COLUMNS FROM `blog_post` [ RunTime:0.0110s ]
SQL: SHOW COLUMNS FROM `blog_file` [ RunTime:0.0110s ]
SQL: SHOW COLUMNS FROM `blog_tag` [ RunTime:0.0100s ]
SQL: SHOW COLUMNS FROM `blog_comment` [ RunTime:0.0100s ]
SQL: SHOW COLUMNS FROM `blog_cat` [ RunTime:0.0100s ]
SQL: SELECT * FROM `blog_post` WHERE `is_del` = 0 AND `type` = 1 AND `cover_url` <> '' ORDER BY click_count desc LIMIT 3   [ RunTime:0.0020s ]
SQL: SELECT * FROM `blog_tag` ORDER BY sort desc  [ RunTime:0.0010s ]
SQL: SELECT * FROM `blog_post` WHERE `id` = 40 LIMIT 1   [ RunTime:0.0010s ]
SQL: SELECT `name`,`savepath` FROM `blog_file` WHERE `id` IN ('52','51','44','45','41','40','39','43','50','46','42','38','37','36','35','34','30','31','33','32') LIMIT 10   [ RunTime:0.0010s ]
SQL: SELECT COUNT(*) AS tp_count FROM `blog_comment` WHERE `post_id` = 40 LIMIT 1   [ RunTime:0.0000s ]
SQL: SELECT c.*,t.username,`avatar` FROM `blog_comment`  as c left join blog_tourist as t on t.tourist_id = c.tourist_id  WHERE `is_del` = 0 AND `post_id` = '40' ORDER BY ctime desc LIMIT 0,10   [ RunTime:0.0010s ]
SQL: SELECT c1.*,blog_cat.name as cname,blog_cat.cat_id as cid FROM `blog_cat`  left join blog_cat as c1 on blog_cat.parent_id=c1.cat_id  WHERE blog_cat.cat_id = '28' LIMIT 1   [ RunTime:0.0010s ]
SQL: SELECT c1.*,blog_cat.name as cname,blog_cat.cat_id as cid FROM `blog_cat`  left join blog_cat as c1 on blog_cat.parent_id=c1.cat_id  WHERE blog_cat.cat_id = null LIMIT 1   [ RunTime:0.0010s ]
SQL: SELECT `cat_id` FROM `blog_cat` WHERE `parent_id` = 28  [ RunTime:0.0180s ]
SQL: SELECT `id`,`title` FROM `blog_post` WHERE `id` < 40 AND `cat_id` IN ('28') ORDER BY id desc LIMIT 1   [ RunTime:0.0010s ]
SQL: SELECT `id`,`title` FROM `blog_post` WHERE `cat_id` IN ('28') AND `id` > 40 ORDER BY id asc LIMIT 1   [ RunTime:0.0010s ]
INFO: [ view_parse ] --START--
INFO: [ template_filter ] --START--
INFO: Run Behavior\ContentReplaceBehavior [ RunTime:0.001000s ]
INFO: [ template_filter ] --END-- [ RunTime:0.001000s ]
NOTIC: [8] Use of undefined constant imagesDir - assumed 'imagesDir' E:\phpStudy\WWW\ingblog_home\App\Runtime\Cache\Home\fc9841532c83a7e0c782a0c17f5c8f10.php 第 110 行.
NOTIC: [8] Use of undefined constant imagesDir - assumed 'imagesDir' E:\phpStudy\WWW\ingblog_home\App\Runtime\Cache\Home\fc9841532c83a7e0c782a0c17f5c8f10.php 第 110 行.
NOTIC: [8] Use of undefined constant imagesDir - assumed 'imagesDir' E:\phpStudy\WWW\ingblog_home\App\Runtime\Cache\Home\fc9841532c83a7e0c782a0c17f5c8f10.php 第 110 行.
NOTIC: [8] Use of undefined constant imagesDir - assumed 'imagesDir' E:\phpStudy\WWW\ingblog_home\App\Runtime\Cache\Home\fc9841532c83a7e0c782a0c17f5c8f10.php 第 110 行.
NOTIC: [8] Use of undefined constant imagesDir - assumed 'imagesDir' E:\phpStudy\WWW\ingblog_home\App\Runtime\Cache\Home\fc9841532c83a7e0c782a0c17f5c8f10.php 第 110 行.
NOTIC: [8] Use of undefined constant imagesDir - assumed 'imagesDir' E:\phpStudy\WWW\ingblog_home\App\Runtime\Cache\Home\fc9841532c83a7e0c782a0c17f5c8f10.php 第 110 行.
NOTIC: [8] Use of undefined constant imagesDir - assumed 'imagesDir' E:\phpStudy\WWW\ingblog_home\App\Runtime\Cache\Home\fc9841532c83a7e0c782a0c17f5c8f10.php 第 110 行.
NOTIC: [8] Use of undefined constant imagesDir - assumed 'imagesDir' E:\phpStudy\WWW\ingblog_home\App\Runtime\Cache\Home\fc9841532c83a7e0c782a0c17f5c8f10.php 第 110 行.
NOTIC: [8] Use of undefined constant imagesDir - assumed 'imagesDir' E:\phpStudy\WWW\ingblog_home\App\Runtime\Cache\Home\fc9841532c83a7e0c782a0c17f5c8f10.php 第 110 行.
NOTIC: [8] Use of undefined constant imagesDir - assumed 'imagesDir' E:\phpStudy\WWW\ingblog_home\App\Runtime\Cache\Home\fc9841532c83a7e0c782a0c17f5c8f10.php 第 110 行.
INFO: Run Behavior\ParseTemplateBehavior [ RunTime:0.026001s ]
INFO: [ view_parse ] --END-- [ RunTime:0.026001s ]
INFO: [ view_filter ] --START--
INFO: Run Behavior\WriteHtmlCacheBehavior [ RunTime:0.000000s ]
INFO: [ view_filter ] --END-- [ RunTime:0.000000s ]
INFO: [ app_end ] --START--
INFO: Run Behavior\ShowPageTraceBehavior [ RunTime:0.007001s ]
INFO: [ app_end ] --END-- [ RunTime:0.007001s ]

[ 2016-09-19T08:53:20+08:00 ] 127.0.0.1 /ingblog_home/Home/Index/ajaxGetPhotoList.html
INFO: [ app_init ] --START--
INFO: Run Behavior\BuildLiteBehavior [ RunTime:0.000000s ]
INFO: [ app_init ] --END-- [ RunTime:0.001000s ]
INFO: [ app_begin ] --START--
INFO: Run Behavior\ReadHtmlCacheBehavior [ RunTime:0.001000s ]
INFO: [ app_begin ] --END-- [ RunTime:0.001000s ]
SQL: SHOW COLUMNS FROM `blog_post` [ RunTime:0.0150s ]
SQL: SHOW COLUMNS FROM `blog_file` [ RunTime:0.0200s ]
SQL: SHOW COLUMNS FROM `blog_tag` [ RunTime:0.0150s ]
SQL: SHOW COLUMNS FROM `blog_comment` [ RunTime:0.0330s ]
SQL: SHOW COLUMNS FROM `blog_cat` [ RunTime:0.0150s ]
SQL: SELECT * FROM `blog_post` WHERE `is_del` = 0 AND `type` = 1 AND `cover_url` <> '' ORDER BY click_count desc LIMIT 3   [ RunTime:0.0020s ]
SQL: SELECT * FROM `blog_tag` ORDER BY sort desc  [ RunTime:0.0020s ]
SQL: SELECT * FROM `blog_post` WHERE `id` = 40 LIMIT 1   [ RunTime:0.0010s ]
SQL: SELECT `name`,`savepath` FROM `blog_file` WHERE `id` IN ('52','51','44','45','41','40','39','43','50','46','42','38','37','36','35','34','30','31','33','32') LIMIT 10,10   [ RunTime:0.0000s ]

[ 2016-09-19T08:58:25+08:00 ] 127.0.0.1 /ingblog_home/Home/Index/single/id/40.html
INFO: [ app_init ] --START--
INFO: Run Behavior\BuildLiteBehavior [ RunTime:0.000000s ]
INFO: [ app_init ] --END-- [ RunTime:0.001000s ]
INFO: [ app_begin ] --START--
INFO: Run Behavior\ReadHtmlCacheBehavior [ RunTime:0.001000s ]
INFO: [ app_begin ] --END-- [ RunTime:0.001000s ]
SQL: SHOW COLUMNS FROM `blog_post` [ RunTime:0.0140s ]
SQL: SHOW COLUMNS FROM `blog_file` [ RunTime:0.0140s ]
SQL: SHOW COLUMNS FROM `blog_tag` [ RunTime:0.0310s ]
SQL: SHOW COLUMNS FROM `blog_comment` [ RunTime:0.0860s ]
SQL: SHOW COLUMNS FROM `blog_cat` [ RunTime:0.0170s ]
SQL: SELECT * FROM `blog_post` WHERE `is_del` = 0 AND `type` = 1 AND `cover_url` <> '' ORDER BY click_count desc LIMIT 3   [ RunTime:0.0030s ]
SQL: SELECT * FROM `blog_tag` ORDER BY sort desc  [ RunTime:0.0000s ]
SQL: SELECT * FROM `blog_post` WHERE `id` = 40 LIMIT 1   [ RunTime:0.0000s ]
SQL: SELECT `name`,`savepath` FROM `blog_file` WHERE `id` IN ('52','51','44','45','41','40','39','43','50','46','42','38','37','36','35','34','30','31','33','32') LIMIT 10   [ RunTime:0.0000s ]
SQL: SELECT COUNT(*) AS tp_count FROM `blog_comment` WHERE `post_id` = 40 LIMIT 1   [ RunTime:0.0010s ]
SQL: SELECT c.*,t.username,`avatar` FROM `blog_comment`  as c left join blog_tourist as t on t.tourist_id = c.tourist_id  WHERE `is_del` = 0 AND `post_id` = '40' ORDER BY ctime desc LIMIT 0,10   [ RunTime:0.0090s ]
SQL: SELECT c1.*,blog_cat.name as cname,blog_cat.cat_id as cid FROM `blog_cat`  left join blog_cat as c1 on blog_cat.parent_id=c1.cat_id  WHERE blog_cat.cat_id = '28' LIMIT 1   [ RunTime:0.0000s ]
SQL: SELECT c1.*,blog_cat.name as cname,blog_cat.cat_id as cid FROM `blog_cat`  left join blog_cat as c1 on blog_cat.parent_id=c1.cat_id  WHERE blog_cat.cat_id = null LIMIT 1   [ RunTime:0.0000s ]
SQL: SELECT `cat_id` FROM `blog_cat` WHERE `parent_id` = 28  [ RunTime:0.0000s ]
SQL: SELECT `id`,`title` FROM `blog_post` WHERE `id` < 40 AND `cat_id` IN ('28') ORDER BY id desc LIMIT 1   [ RunTime:0.0010s ]
SQL: SELECT `id`,`title` FROM `blog_post` WHERE `cat_id` IN ('28') AND `id` > 40 ORDER BY id asc LIMIT 1   [ RunTime:0.0010s ]
INFO: [ view_parse ] --START--
INFO: [ template_filter ] --START--
INFO: Run Behavior\ContentReplaceBehavior [ RunTime:0.000000s ]
INFO: [ template_filter ] --END-- [ RunTime:0.000000s ]
NOTIC: [8] Use of undefined constant imagesDir - assumed 'imagesDir' E:\phpStudy\WWW\ingblog_home\App\Runtime\Cache\Home\fc9841532c83a7e0c782a0c17f5c8f10.php 第 110 行.
NOTIC: [8] Use of undefined constant imagesDir - assumed 'imagesDir' E:\phpStudy\WWW\ingblog_home\App\Runtime\Cache\Home\fc9841532c83a7e0c782a0c17f5c8f10.php 第 110 行.
NOTIC: [8] Use of undefined constant imagesDir - assumed 'imagesDir' E:\phpStudy\WWW\ingblog_home\App\Runtime\Cache\Home\fc9841532c83a7e0c782a0c17f5c8f10.php 第 110 行.
NOTIC: [8] Use of undefined constant imagesDir - assumed 'imagesDir' E:\phpStudy\WWW\ingblog_home\App\Runtime\Cache\Home\fc9841532c83a7e0c782a0c17f5c8f10.php 第 110 行.
NOTIC: [8] Use of undefined constant imagesDir - assumed 'imagesDir' E:\phpStudy\WWW\ingblog_home\App\Runtime\Cache\Home\fc9841532c83a7e0c782a0c17f5c8f10.php 第 110 行.
NOTIC: [8] Use of undefined constant imagesDir - assumed 'imagesDir' E:\phpStudy\WWW\ingblog_home\App\Runtime\Cache\Home\fc9841532c83a7e0c782a0c17f5c8f10.php 第 110 行.
NOTIC: [8] Use of undefined constant imagesDir - assumed 'imagesDir' E:\phpStudy\WWW\ingblog_home\App\Runtime\Cache\Home\fc9841532c83a7e0c782a0c17f5c8f10.php 第 110 行.
NOTIC: [8] Use of undefined constant imagesDir - assumed 'imagesDir' E:\phpStudy\WWW\ingblog_home\App\Runtime\Cache\Home\fc9841532c83a7e0c782a0c17f5c8f10.php 第 110 行.
NOTIC: [8] Use of undefined constant imagesDir - assumed 'imagesDir' E:\phpStudy\WWW\ingblog_home\App\Runtime\Cache\Home\fc9841532c83a7e0c782a0c17f5c8f10.php 第 110 行.
NOTIC: [8] Use of undefined constant imagesDir - assumed 'imagesDir' E:\phpStudy\WWW\ingblog_home\App\Runtime\Cache\Home\fc9841532c83a7e0c782a0c17f5c8f10.php 第 110 行.
INFO: Run Behavior\ParseTemplateBehavior [ RunTime:0.128007s ]
INFO: [ view_parse ] --END-- [ RunTime:0.128007s ]
INFO: [ view_filter ] --START--
INFO: Run Behavior\WriteHtmlCacheBehavior [ RunTime:0.001000s ]
INFO: [ view_filter ] --END-- [ RunTime:0.001000s ]
INFO: [ app_end ] --START--
INFO: Run Behavior\ShowPageTraceBehavior [ RunTime:0.002000s ]
INFO: [ app_end ] --END-- [ RunTime:0.002000s ]

[ 2016-09-19T09:00:01+08:00 ] 127.0.0.1 /ingblog_home/Home/Index/ajaxGetPhotoList.html
INFO: [ app_init ] --START--
INFO: Run Behavior\BuildLiteBehavior [ RunTime:0.000000s ]
INFO: [ app_init ] --END-- [ RunTime:0.000000s ]
INFO: [ app_begin ] --START--
INFO: Run Behavior\ReadHtmlCacheBehavior [ RunTime:0.002000s ]
INFO: [ app_begin ] --END-- [ RunTime:0.002000s ]
SQL: SHOW COLUMNS FROM `blog_post` [ RunTime:0.0110s ]
SQL: SHOW COLUMNS FROM `blog_file` [ RunTime:0.0110s ]
SQL: SHOW COLUMNS FROM `blog_tag` [ RunTime:0.0100s ]
SQL: SHOW COLUMNS FROM `blog_comment` [ RunTime:0.0110s ]
SQL: SHOW COLUMNS FROM `blog_cat` [ RunTime:0.0110s ]
SQL: SELECT * FROM `blog_post` WHERE `is_del` = 0 AND `type` = 1 AND `cover_url` <> '' ORDER BY click_count desc LIMIT 3   [ RunTime:0.0020s ]
SQL: SELECT * FROM `blog_tag` ORDER BY sort desc  [ RunTime:0.0010s ]
SQL: SELECT * FROM `blog_post` WHERE `id` = 40 LIMIT 1   [ RunTime:0.0010s ]
SQL: SELECT `name`,`savepath` FROM `blog_file` WHERE `id` IN ('52','51','44','45','41','40','39','43','50','46','42','38','37','36','35','34','30','31','33','32') LIMIT 10,10   [ RunTime:0.0010s ]

[ 2016-09-19T09:00:02+08:00 ] 127.0.0.1 /ingblog_home/Home/Index/ajaxGetPhotoList.html
INFO: [ app_init ] --START--
INFO: Run Behavior\BuildLiteBehavior [ RunTime:0.000000s ]
INFO: [ app_init ] --END-- [ RunTime:0.001001s ]
INFO: [ app_begin ] --START--
INFO: Run Behavior\ReadHtmlCacheBehavior [ RunTime:0.001000s ]
INFO: [ app_begin ] --END-- [ RunTime:0.001000s ]
SQL: SHOW COLUMNS FROM `blog_post` [ RunTime:0.0160s ]
SQL: SHOW COLUMNS FROM `blog_file` [ RunTime:0.0130s ]
SQL: SHOW COLUMNS FROM `blog_tag` [ RunTime:0.0140s ]
SQL: SHOW COLUMNS FROM `blog_comment` [ RunTime:0.0130s ]
SQL: SHOW COLUMNS FROM `blog_cat` [ RunTime:0.0100s ]
SQL: SELECT * FROM `blog_post` WHERE `is_del` = 0 AND `type` = 1 AND `cover_url` <> '' ORDER BY click_count desc LIMIT 3   [ RunTime:0.0040s ]
SQL: SELECT * FROM `blog_tag` ORDER BY sort desc  [ RunTime:0.0010s ]
SQL: SELECT * FROM `blog_post` WHERE `id` = 40 LIMIT 1   [ RunTime:0.0010s ]
SQL: SELECT `name`,`savepath` FROM `blog_file` WHERE `id` IN ('52','51','44','45','41','40','39','43','50','46','42','38','37','36','35','34','30','31','33','32') LIMIT 20,10   [ RunTime:0.0010s ]

[ 2016-09-19T09:01:16+08:00 ] 127.0.0.1 /ingblog_home/Home/Index/single/id/40.html
INFO: [ app_init ] --START--
INFO: Run Behavior\BuildLiteBehavior [ RunTime:0.000000s ]
INFO: [ app_init ] --END-- [ RunTime:0.001000s ]
INFO: [ app_begin ] --START--
INFO: Run Behavior\ReadHtmlCacheBehavior [ RunTime:0.001000s ]
INFO: [ app_begin ] --END-- [ RunTime:0.001000s ]
SQL: SHOW COLUMNS FROM `blog_post` [ RunTime:0.0130s ]
SQL: SHOW COLUMNS FROM `blog_file` [ RunTime:0.0180s ]
SQL: SHOW COLUMNS FROM `blog_tag` [ RunTime:0.0240s ]
SQL: SHOW COLUMNS FROM `blog_comment` [ RunTime:0.0360s ]
SQL: SHOW COLUMNS FROM `blog_cat` [ RunTime:0.0130s ]
SQL: SELECT * FROM `blog_post` WHERE `is_del` = 0 AND `type` = 1 AND `cover_url` <> '' ORDER BY click_count desc LIMIT 3   [ RunTime:0.0010s ]
SQL: SELECT * FROM `blog_tag` ORDER BY sort desc  [ RunTime:0.0240s ]
SQL: SELECT * FROM `blog_post` WHERE `id` = 40 LIMIT 1   [ RunTime:0.0030s ]
SQL: SELECT `name`,`savepath` FROM `blog_file` WHERE `id` IN ('52','51','44','45','41','40','39','43','50','46','42','38','37','36','35','34','30','31','33','32') LIMIT 10   [ RunTime:0.0020s ]
SQL: SELECT COUNT(*) AS tp_count FROM `blog_comment` WHERE `post_id` = 40 LIMIT 1   [ RunTime:0.0020s ]
SQL: SELECT c.*,t.username,`avatar` FROM `blog_comment`  as c left join blog_tourist as t on t.tourist_id = c.tourist_id  WHERE `is_del` = 0 AND `post_id` = '40' ORDER BY ctime desc LIMIT 0,10   [ RunTime:0.0010s ]
SQL: SELECT c1.*,blog_cat.name as cname,blog_cat.cat_id as cid FROM `blog_cat`  left join blog_cat as c1 on blog_cat.parent_id=c1.cat_id  WHERE blog_cat.cat_id = '28' LIMIT 1   [ RunTime:0.0000s ]
SQL: SELECT c1.*,blog_cat.name as cname,blog_cat.cat_id as cid FROM `blog_cat`  left join blog_cat as c1 on blog_cat.parent_id=c1.cat_id  WHERE blog_cat.cat_id = null LIMIT 1   [ RunTime:0.0000s ]
SQL: SELECT `cat_id` FROM `blog_cat` WHERE `parent_id` = 28  [ RunTime:0.0000s ]
SQL: SELECT `id`,`title` FROM `blog_post` WHERE `id` < 40 AND `cat_id` IN ('28') ORDER BY id desc LIMIT 1   [ RunTime:0.0000s ]
SQL: SELECT `id`,`title` FROM `blog_post` WHERE `cat_id` IN ('28') AND `id` > 40 ORDER BY id asc LIMIT 1   [ RunTime:0.0000s ]
INFO: [ view_parse ] --START--
INFO: [ template_filter ] --START--
INFO: Run Behavior\ContentReplaceBehavior [ RunTime:0.000000s ]
INFO: [ template_filter ] --END-- [ RunTime:0.000000s ]
NOTIC: [8] Use of undefined constant imagesDir - assumed 'imagesDir' E:\phpStudy\WWW\ingblog_home\App\Runtime\Cache\Home\fc9841532c83a7e0c782a0c17f5c8f10.php 第 110 行.
NOTIC: [8] Use of undefined constant imagesDir - assumed 'imagesDir' E:\phpStudy\WWW\ingblog_home\App\Runtime\Cache\Home\fc9841532c83a7e0c782a0c17f5c8f10.php 第 110 行.
NOTIC: [8] Use of undefined constant imagesDir - assumed 'imagesDir' E:\phpStudy\WWW\ingblog_home\App\Runtime\Cache\Home\fc9841532c83a7e0c782a0c17f5c8f10.php 第 110 行.
NOTIC: [8] Use of undefined constant imagesDir - assumed 'imagesDir' E:\phpStudy\WWW\ingblog_home\App\Runtime\Cache\Home\fc9841532c83a7e0c782a0c17f5c8f10.php 第 110 行.
NOTIC: [8] Use of undefined constant imagesDir - assumed 'imagesDir' E:\phpStudy\WWW\ingblog_home\App\Runtime\Cache\Home\fc9841532c83a7e0c782a0c17f5c8f10.php 第 110 行.
NOTIC: [8] Use of undefined constant imagesDir - assumed 'imagesDir' E:\phpStudy\WWW\ingblog_home\App\Runtime\Cache\Home\fc9841532c83a7e0c782a0c17f5c8f10.php 第 110 行.
NOTIC: [8] Use of undefined constant imagesDir - assumed 'imagesDir' E:\phpStudy\WWW\ingblog_home\App\Runtime\Cache\Home\fc9841532c83a7e0c782a0c17f5c8f10.php 第 110 行.
NOTIC: [8] Use of undefined constant imagesDir - assumed 'imagesDir' E:\phpStudy\WWW\ingblog_home\App\Runtime\Cache\Home\fc9841532c83a7e0c782a0c17f5c8f10.php 第 110 行.
NOTIC: [8] Use of undefined constant imagesDir - assumed 'imagesDir' E:\phpStudy\WWW\ingblog_home\App\Runtime\Cache\Home\fc9841532c83a7e0c782a0c17f5c8f10.php 第 110 行.
NOTIC: [8] Use of undefined constant imagesDir - assumed 'imagesDir' E:\phpStudy\WWW\ingblog_home\App\Runtime\Cache\Home\fc9841532c83a7e0c782a0c17f5c8f10.php 第 110 行.
INFO: Run Behavior\ParseTemplateBehavior [ RunTime:0.027001s ]
INFO: [ view_parse ] --END-- [ RunTime:0.027001s ]
INFO: [ view_filter ] --START--
INFO: Run Behavior\WriteHtmlCacheBehavior [ RunTime:0.001001s ]
INFO: [ view_filter ] --END-- [ RunTime:0.001001s ]
INFO: [ app_end ] --START--
INFO: Run Behavior\ShowPageTraceBehavior [ RunTime:0.002000s ]
INFO: [ app_end ] --END-- [ RunTime:0.002000s ]

[ 2016-09-19T09:03:21+08:00 ] 127.0.0.1 /ingblog_home/Home/Index/single/id/40.html
INFO: [ app_init ] --START--
INFO: Run Behavior\BuildLiteBehavior [ RunTime:0.001000s ]
INFO: [ app_init ] --END-- [ RunTime:0.001000s ]
INFO: [ app_begin ] --START--
INFO: Run Behavior\ReadHtmlCacheBehavior [ RunTime:0.001000s ]
INFO: [ app_begin ] --END-- [ RunTime:0.001000s ]
SQL: SHOW COLUMNS FROM `blog_post` [ RunTime:0.0100s ]
SQL: SHOW COLUMNS FROM `blog_file` [ RunTime:0.0100s ]
SQL: SHOW COLUMNS FROM `blog_tag` [ RunTime:0.0100s ]
SQL: SHOW COLUMNS FROM `blog_comment` [ RunTime:0.0220s ]
SQL: SHOW COLUMNS FROM `blog_cat` [ RunTime:0.0140s ]
SQL: SELECT * FROM `blog_post` WHERE `is_del` = 0 AND `type` = 1 AND `cover_url` <> '' ORDER BY click_count desc LIMIT 3   [ RunTime:0.0140s ]
SQL: SELECT * FROM `blog_tag` ORDER BY sort desc  [ RunTime:0.0010s ]
SQL: SELECT * FROM `blog_post` WHERE `id` = 40 LIMIT 1   [ RunTime:0.0010s ]
SQL: SELECT `name`,`savepath` FROM `blog_file` WHERE `id` IN ('52','51','44','45','41','40','39','43','50','46','42','38','37','36','35','34','30','31','33','32') LIMIT 10   [ RunTime:0.0020s ]
SQL: SELECT COUNT(*) AS tp_count FROM `blog_comment` WHERE `post_id` = 40 LIMIT 1   [ RunTime:0.0010s ]
SQL: SELECT c.*,t.username,`avatar` FROM `blog_comment`  as c left join blog_tourist as t on t.tourist_id = c.tourist_id  WHERE `is_del` = 0 AND `post_id` = '40' ORDER BY ctime desc LIMIT 0,10   [ RunTime:0.0180s ]
SQL: SELECT c1.*,blog_cat.name as cname,blog_cat.cat_id as cid FROM `blog_cat`  left join blog_cat as c1 on blog_cat.parent_id=c1.cat_id  WHERE blog_cat.cat_id = '28' LIMIT 1   [ RunTime:0.0010s ]
SQL: SELECT c1.*,blog_cat.name as cname,blog_cat.cat_id as cid FROM `blog_cat`  left join blog_cat as c1 on blog_cat.parent_id=c1.cat_id  WHERE blog_cat.cat_id = null LIMIT 1   [ RunTime:0.0000s ]
SQL: SELECT `cat_id` FROM `blog_cat` WHERE `parent_id` = 28  [ RunTime:0.0000s ]
SQL: SELECT `id`,`title` FROM `blog_post` WHERE `id` < 40 AND `cat_id` IN ('28') ORDER BY id desc LIMIT 1   [ RunTime:0.0000s ]
SQL: SELECT `id`,`title` FROM `blog_post` WHERE `cat_id` IN ('28') AND `id` > 40 ORDER BY id asc LIMIT 1   [ RunTime:0.0010s ]
INFO: [ view_parse ] --START--
INFO: [ template_filter ] --START--
INFO: Run Behavior\ContentReplaceBehavior [ RunTime:0.000000s ]
INFO: [ template_filter ] --END-- [ RunTime:0.000000s ]
NOTIC: [8] Use of undefined constant imagesDir - assumed 'imagesDir' E:\phpStudy\WWW\ingblog_home\App\Runtime\Cache\Home\fc9841532c83a7e0c782a0c17f5c8f10.php 第 110 行.
NOTIC: [8] Use of undefined constant imagesDir - assumed 'imagesDir' E:\phpStudy\WWW\ingblog_home\App\Runtime\Cache\Home\fc9841532c83a7e0c782a0c17f5c8f10.php 第 110 行.
NOTIC: [8] Use of undefined constant imagesDir - assumed 'imagesDir' E:\phpStudy\WWW\ingblog_home\App\Runtime\Cache\Home\fc9841532c83a7e0c782a0c17f5c8f10.php 第 110 行.
NOTIC: [8] Use of undefined constant imagesDir - assumed 'imagesDir' E:\phpStudy\WWW\ingblog_home\App\Runtime\Cache\Home\fc9841532c83a7e0c782a0c17f5c8f10.php 第 110 行.
NOTIC: [8] Use of undefined constant imagesDir - assumed 'imagesDir' E:\phpStudy\WWW\ingblog_home\App\Runtime\Cache\Home\fc9841532c83a7e0c782a0c17f5c8f10.php 第 110 行.
NOTIC: [8] Use of undefined constant imagesDir - assumed 'imagesDir' E:\phpStudy\WWW\ingblog_home\App\Runtime\Cache\Home\fc9841532c83a7e0c782a0c17f5c8f10.php 第 110 行.
NOTIC: [8] Use of undefined constant imagesDir - assumed 'imagesDir' E:\phpStudy\WWW\ingblog_home\App\Runtime\Cache\Home\fc9841532c83a7e0c782a0c17f5c8f10.php 第 110 行.
NOTIC: [8] Use of undefined constant imagesDir - assumed 'imagesDir' E:\phpStudy\WWW\ingblog_home\App\Runtime\Cache\Home\fc9841532c83a7e0c782a0c17f5c8f10.php 第 110 行.
NOTIC: [8] Use of undefined constant imagesDir - assumed 'imagesDir' E:\phpStudy\WWW\ingblog_home\App\Runtime\Cache\Home\fc9841532c83a7e0c782a0c17f5c8f10.php 第 110 行.
NOTIC: [8] Use of undefined constant imagesDir - assumed 'imagesDir' E:\phpStudy\WWW\ingblog_home\App\Runtime\Cache\Home\fc9841532c83a7e0c782a0c17f5c8f10.php 第 110 行.
INFO: Run Behavior\ParseTemplateBehavior [ RunTime:0.026002s ]
INFO: [ view_parse ] --END-- [ RunTime:0.026002s ]
INFO: [ view_filter ] --START--
INFO: Run Behavior\WriteHtmlCacheBehavior [ RunTime:0.001000s ]
INFO: [ view_filter ] --END-- [ RunTime:0.001000s ]
INFO: [ app_end ] --START--
INFO: Run Behavior\ShowPageTraceBehavior [ RunTime:0.001000s ]
INFO: [ app_end ] --END-- [ RunTime:0.001000s ]

[ 2016-09-19T09:04:17+08:00 ] ::1 /ingblog_home/Home/Index/single/id/40.html
INFO: [ app_init ] --START--
INFO: Run Behavior\BuildLiteBehavior [ RunTime:0.000000s ]
INFO: [ app_init ] --END-- [ RunTime:0.001000s ]
INFO: [ app_begin ] --START--
INFO: Run Behavior\ReadHtmlCacheBehavior [ RunTime:0.000000s ]
INFO: [ app_begin ] --END-- [ RunTime:0.001000s ]
SQL: SHOW COLUMNS FROM `blog_post` [ RunTime:0.0110s ]
SQL: SHOW COLUMNS FROM `blog_file` [ RunTime:0.0090s ]
SQL: SHOW COLUMNS FROM `blog_tag` [ RunTime:0.0110s ]
SQL: SHOW COLUMNS FROM `blog_comment` [ RunTime:0.0200s ]
SQL: SHOW COLUMNS FROM `blog_cat` [ RunTime:0.0110s ]
SQL: SELECT * FROM `blog_post` WHERE `is_del` = 0 AND `type` = 1 AND `cover_url` <> '' ORDER BY click_count desc LIMIT 3   [ RunTime:0.0020s ]
SQL: SELECT * FROM `blog_tag` ORDER BY sort desc  [ RunTime:0.0030s ]
SQL: SELECT * FROM `blog_post` WHERE `id` = 40 LIMIT 1   [ RunTime:0.0010s ]
SQL: SELECT `name`,`savepath` FROM `blog_file` WHERE `id` IN ('52','51','44','45','41','40','39','43','50','46','42','38','37','36','35','34','30','31','33','32') LIMIT 10   [ RunTime:0.0010s ]
SQL: SELECT COUNT(*) AS tp_count FROM `blog_comment` WHERE `post_id` = 40 LIMIT 1   [ RunTime:0.0020s ]
SQL: SELECT c.*,t.username,`avatar` FROM `blog_comment`  as c left join blog_tourist as t on t.tourist_id = c.tourist_id  WHERE `is_del` = 0 AND `post_id` = '40' ORDER BY ctime desc LIMIT 0,10   [ RunTime:0.0010s ]
SQL: SELECT c1.*,blog_cat.name as cname,blog_cat.cat_id as cid FROM `blog_cat`  left join blog_cat as c1 on blog_cat.parent_id=c1.cat_id  WHERE blog_cat.cat_id = '28' LIMIT 1   [ RunTime:0.0010s ]
SQL: SELECT c1.*,blog_cat.name as cname,blog_cat.cat_id as cid FROM `blog_cat`  left join blog_cat as c1 on blog_cat.parent_id=c1.cat_id  WHERE blog_cat.cat_id = null LIMIT 1   [ RunTime:0.0010s ]
SQL: SELECT `cat_id` FROM `blog_cat` WHERE `parent_id` = 28  [ RunTime:0.0010s ]
SQL: SELECT `id`,`title` FROM `blog_post` WHERE `id` < 40 AND `cat_id` IN ('28') ORDER BY id desc LIMIT 1   [ RunTime:0.0000s ]
SQL: SELECT `id`,`title` FROM `blog_post` WHERE `cat_id` IN ('28') AND `id` > 40 ORDER BY id asc LIMIT 1   [ RunTime:0.0000s ]
INFO: [ view_parse ] --START--
INFO: [ template_filter ] --START--
INFO: Run Behavior\ContentReplaceBehavior [ RunTime:0.000000s ]
INFO: [ template_filter ] --END-- [ RunTime:0.000000s ]
NOTIC: [8] Use of undefined constant imagesDir - assumed 'imagesDir' E:\phpStudy\WWW\ingblog_home\App\Runtime\Cache\Home\fc9841532c83a7e0c782a0c17f5c8f10.php 第 110 行.
NOTIC: [8] Use of undefined constant imagesDir - assumed 'imagesDir' E:\phpStudy\WWW\ingblog_home\App\Runtime\Cache\Home\fc9841532c83a7e0c782a0c17f5c8f10.php 第 110 行.
NOTIC: [8] Use of undefined constant imagesDir - assumed 'imagesDir' E:\phpStudy\WWW\ingblog_home\App\Runtime\Cache\Home\fc9841532c83a7e0c782a0c17f5c8f10.php 第 110 行.
NOTIC: [8] Use of undefined constant imagesDir - assumed 'imagesDir' E:\phpStudy\WWW\ingblog_home\App\Runtime\Cache\Home\fc9841532c83a7e0c782a0c17f5c8f10.php 第 110 行.
NOTIC: [8] Use of undefined constant imagesDir - assumed 'imagesDir' E:\phpStudy\WWW\ingblog_home\App\Runtime\Cache\Home\fc9841532c83a7e0c782a0c17f5c8f10.php 第 110 行.
NOTIC: [8] Use of undefined constant imagesDir - assumed 'imagesDir' E:\phpStudy\WWW\ingblog_home\App\Runtime\Cache\Home\fc9841532c83a7e0c782a0c17f5c8f10.php 第 110 行.
NOTIC: [8] Use of undefined constant imagesDir - assumed 'imagesDir' E:\phpStudy\WWW\ingblog_home\App\Runtime\Cache\Home\fc9841532c83a7e0c782a0c17f5c8f10.php 第 110 行.
NOTIC: [8] Use of undefined constant imagesDir - assumed 'imagesDir' E:\phpStudy\WWW\ingblog_home\App\Runtime\Cache\Home\fc9841532c83a7e0c782a0c17f5c8f10.php 第 110 行.
NOTIC: [8] Use of undefined constant imagesDir - assumed 'imagesDir' E:\phpStudy\WWW\ingblog_home\App\Runtime\Cache\Home\fc9841532c83a7e0c782a0c17f5c8f10.php 第 110 行.
NOTIC: [8] Use of undefined constant imagesDir - assumed 'imagesDir' E:\phpStudy\WWW\ingblog_home\App\Runtime\Cache\Home\fc9841532c83a7e0c782a0c17f5c8f10.php 第 110 行.
NOTIC: [8] Undefined index: tourist_id E:\phpStudy\WWW\ingblog_home\App\Runtime\Cache\Home\fc9841532c83a7e0c782a0c17f5c8f10.php 第 120 行.
NOTIC: [8] Undefined index: tourist_id E:\phpStudy\WWW\ingblog_home\App\Runtime\Cache\Home\fc9841532c83a7e0c782a0c17f5c8f10.php 第 139 行.
INFO: Run Behavior\ParseTemplateBehavior [ RunTime:0.027001s ]
INFO: [ view_parse ] --END-- [ RunTime:0.027001s ]
INFO: [ view_filter ] --START--
INFO: Run Behavior\WriteHtmlCacheBehavior [ RunTime:0.001001s ]
INFO: [ view_filter ] --END-- [ RunTime:0.001001s ]
INFO: [ app_end ] --START--
INFO: Run Behavior\ShowPageTraceBehavior [ RunTime:0.001000s ]
INFO: [ app_end ] --END-- [ RunTime:0.001000s ]

[ 2016-09-19T09:04:18+08:00 ] ::1 /ingblog_home/Home/Index/ajaxGetPhotoList.html
INFO: [ app_init ] --START--
INFO: Run Behavior\BuildLiteBehavior [ RunTime:0.000000s ]
INFO: [ app_init ] --END-- [ RunTime:0.000000s ]
INFO: [ app_begin ] --START--
INFO: Run Behavior\ReadHtmlCacheBehavior [ RunTime:0.001000s ]
INFO: [ app_begin ] --END-- [ RunTime:0.001000s ]
SQL: SHOW COLUMNS FROM `blog_post` [ RunTime:0.0200s ]
SQL: SHOW COLUMNS FROM `blog_file` [ RunTime:0.0100s ]
SQL: SHOW COLUMNS FROM `blog_tag` [ RunTime:0.0110s ]
SQL: SHOW COLUMNS FROM `blog_comment` [ RunTime:0.0160s ]
SQL: SHOW COLUMNS FROM `blog_cat` [ RunTime:0.0120s ]
SQL: SELECT * FROM `blog_post` WHERE `is_del` = 0 AND `type` = 1 AND `cover_url` <> '' ORDER BY click_count desc LIMIT 3   [ RunTime:0.0020s ]
SQL: SELECT * FROM `blog_tag` ORDER BY sort desc  [ RunTime:0.0010s ]
SQL: SELECT * FROM `blog_post` WHERE `id` = 40 LIMIT 1   [ RunTime:0.0010s ]
SQL: SELECT `name`,`savepath` FROM `blog_file` WHERE `id` IN ('52','51','44','45','41','40','39','43','50','46','42','38','37','36','35','34','30','31','33','32') LIMIT 10,10   [ RunTime:0.0010s ]

[ 2016-09-19T09:04:33+08:00 ] ::1 /ingblog_home/Home/Index/single/id/40.html
INFO: [ app_init ] --START--
INFO: Run Behavior\BuildLiteBehavior [ RunTime:0.000000s ]
INFO: [ app_init ] --END-- [ RunTime:0.004000s ]
INFO: [ app_begin ] --START--
INFO: Run Behavior\ReadHtmlCacheBehavior [ RunTime:0.002000s ]
INFO: [ app_begin ] --END-- [ RunTime:0.002000s ]
SQL: SHOW COLUMNS FROM `blog_post` [ RunTime:0.0150s ]
SQL: SHOW COLUMNS FROM `blog_file` [ RunTime:0.0140s ]
SQL: SHOW COLUMNS FROM `blog_tag` [ RunTime:0.0090s ]
SQL: SHOW COLUMNS FROM `blog_comment` [ RunTime:0.0250s ]
SQL: SHOW COLUMNS FROM `blog_cat` [ RunTime:0.0110s ]
SQL: SELECT * FROM `blog_post` WHERE `is_del` = 0 AND `type` = 1 AND `cover_url` <> '' ORDER BY click_count desc LIMIT 3   [ RunTime:0.0010s ]
SQL: SELECT * FROM `blog_tag` ORDER BY sort desc  [ RunTime:0.0000s ]
SQL: SELECT * FROM `blog_post` WHERE `id` = 40 LIMIT 1   [ RunTime:0.0000s ]
SQL: SELECT `name`,`savepath` FROM `blog_file` WHERE `id` IN ('52','51','44','45','41','40','39','43','50','46','42','38','37','36','35','34','30','31','33','32') LIMIT 10   [ RunTime:0.0010s ]
SQL: SELECT COUNT(*) AS tp_count FROM `blog_comment` WHERE `post_id` = 40 LIMIT 1   [ RunTime:0.0020s ]
SQL: SELECT c.*,t.username,`avatar` FROM `blog_comment`  as c left join blog_tourist as t on t.tourist_id = c.tourist_id  WHERE `is_del` = 0 AND `post_id` = '40' ORDER BY ctime desc LIMIT 0,10   [ RunTime:0.0010s ]
SQL: SELECT c1.*,blog_cat.name as cname,blog_cat.cat_id as cid FROM `blog_cat`  left join blog_cat as c1 on blog_cat.parent_id=c1.cat_id  WHERE blog_cat.cat_id = '28' LIMIT 1   [ RunTime:0.0010s ]
SQL: SELECT c1.*,blog_cat.name as cname,blog_cat.cat_id as cid FROM `blog_cat`  left join blog_cat as c1 on blog_cat.parent_id=c1.cat_id  WHERE blog_cat.cat_id = null LIMIT 1   [ RunTime:0.0010s ]
SQL: SELECT `cat_id` FROM `blog_cat` WHERE `parent_id` = 28  [ RunTime:0.0010s ]
SQL: SELECT `id`,`title` FROM `blog_post` WHERE `id` < 40 AND `cat_id` IN ('28') ORDER BY id desc LIMIT 1   [ RunTime:0.0010s ]
SQL: SELECT `id`,`title` FROM `blog_post` WHERE `cat_id` IN ('28') AND `id` > 40 ORDER BY id asc LIMIT 1   [ RunTime:0.0010s ]
INFO: [ view_parse ] --START--
INFO: [ template_filter ] --START--
INFO: Run Behavior\ContentReplaceBehavior [ RunTime:0.000000s ]
INFO: [ template_filter ] --END-- [ RunTime:0.000000s ]
NOTIC: [8] Use of undefined constant imagesDir - assumed 'imagesDir' E:\phpStudy\WWW\ingblog_home\App\Runtime\Cache\Home\fc9841532c83a7e0c782a0c17f5c8f10.php 第 110 行.
NOTIC: [8] Use of undefined constant imagesDir - assumed 'imagesDir' E:\phpStudy\WWW\ingblog_home\App\Runtime\Cache\Home\fc9841532c83a7e0c782a0c17f5c8f10.php 第 110 行.
NOTIC: [8] Use of undefined constant imagesDir - assumed 'imagesDir' E:\phpStudy\WWW\ingblog_home\App\Runtime\Cache\Home\fc9841532c83a7e0c782a0c17f5c8f10.php 第 110 行.
NOTIC: [8] Use of undefined constant imagesDir - assumed 'imagesDir' E:\phpStudy\WWW\ingblog_home\App\Runtime\Cache\Home\fc9841532c83a7e0c782a0c17f5c8f10.php 第 110 行.
NOTIC: [8] Use of undefined constant imagesDir - assumed 'imagesDir' E:\phpStudy\WWW\ingblog_home\App\Runtime\Cache\Home\fc9841532c83a7e0c782a0c17f5c8f10.php 第 110 行.
NOTIC: [8] Use of undefined constant imagesDir - assumed 'imagesDir' E:\phpStudy\WWW\ingblog_home\App\Runtime\Cache\Home\fc9841532c83a7e0c782a0c17f5c8f10.php 第 110 行.
NOTIC: [8] Use of undefined constant imagesDir - assumed 'imagesDir' E:\phpStudy\WWW\ingblog_home\App\Runtime\Cache\Home\fc9841532c83a7e0c782a0c17f5c8f10.php 第 110 行.
NOTIC: [8] Use of undefined constant imagesDir - assumed 'imagesDir' E:\phpStudy\WWW\ingblog_home\App\Runtime\Cache\Home\fc9841532c83a7e0c782a0c17f5c8f10.php 第 110 行.
NOTIC: [8] Use of undefined constant imagesDir - assumed 'imagesDir' E:\phpStudy\WWW\ingblog_home\App\Runtime\Cache\Home\fc9841532c83a7e0c782a0c17f5c8f10.php 第 110 行.
NOTIC: [8] Use of undefined constant imagesDir - assumed 'imagesDir' E:\phpStudy\WWW\ingblog_home\App\Runtime\Cache\Home\fc9841532c83a7e0c782a0c17f5c8f10.php 第 110 行.
NOTIC: [8] Undefined index: tourist_id E:\phpStudy\WWW\ingblog_home\App\Runtime\Cache\Home\fc9841532c83a7e0c782a0c17f5c8f10.php 第 120 行.
NOTIC: [8] Undefined index: tourist_id E:\phpStudy\WWW\ingblog_home\App\Runtime\Cache\Home\fc9841532c83a7e0c782a0c17f5c8f10.php 第 139 行.
INFO: Run Behavior\ParseTemplateBehavior [ RunTime:0.075004s ]
INFO: [ view_parse ] --END-- [ RunTime:0.075004s ]
INFO: [ view_filter ] --START--
INFO: Run Behavior\WriteHtmlCacheBehavior [ RunTime:0.002000s ]
INFO: [ view_filter ] --END-- [ RunTime:0.002000s ]
INFO: [ app_end ] --START--
INFO: Run Behavior\ShowPageTraceBehavior [ RunTime:0.004001s ]
INFO: [ app_end ] --END-- [ RunTime:0.004001s ]

[ 2016-09-19T09:07:48+08:00 ] ::1 /ingblog_home/Home/Index/single/id/40.html
INFO: [ app_init ] --START--
INFO: Run Behavior\BuildLiteBehavior [ RunTime:0.000000s ]
INFO: [ app_init ] --END-- [ RunTime:0.001000s ]
INFO: [ app_begin ] --START--
INFO: Run Behavior\ReadHtmlCacheBehavior [ RunTime:0.001000s ]
INFO: [ app_begin ] --END-- [ RunTime:0.001000s ]
SQL: SHOW COLUMNS FROM `blog_post` [ RunTime:0.0120s ]
SQL: SHOW COLUMNS FROM `blog_file` [ RunTime:0.0120s ]
SQL: SHOW COLUMNS FROM `blog_tag` [ RunTime:0.0120s ]
SQL: SHOW COLUMNS FROM `blog_comment` [ RunTime:0.0340s ]
SQL: SHOW COLUMNS FROM `blog_cat` [ RunTime:0.0130s ]
SQL: SELECT * FROM `blog_post` WHERE `is_del` = 0 AND `type` = 1 AND `cover_url` <> '' ORDER BY click_count desc LIMIT 3   [ RunTime:0.0020s ]
SQL: SELECT * FROM `blog_tag` ORDER BY sort desc  [ RunTime:0.0010s ]
SQL: SELECT * FROM `blog_post` WHERE `id` = 40 LIMIT 1   [ RunTime:0.0010s ]
SQL: SELECT `name`,`savepath` FROM `blog_file` WHERE `id` IN ('52','51','44','45','41','40','39','43','50','46','42','38','37','36','35','34','30','31','33','32') LIMIT 10   [ RunTime:0.0000s ]
SQL: SELECT COUNT(*) AS tp_count FROM `blog_comment` WHERE `post_id` = 40 LIMIT 1   [ RunTime:0.0000s ]
SQL: SELECT c.*,t.username,`avatar` FROM `blog_comment`  as c left join blog_tourist as t on t.tourist_id = c.tourist_id  WHERE `is_del` = 0 AND `post_id` = '40' ORDER BY ctime desc LIMIT 0,10   [ RunTime:0.0010s ]
SQL: SELECT c1.*,blog_cat.name as cname,blog_cat.cat_id as cid FROM `blog_cat`  left join blog_cat as c1 on blog_cat.parent_id=c1.cat_id  WHERE blog_cat.cat_id = '28' LIMIT 1   [ RunTime:0.0000s ]
SQL: SELECT c1.*,blog_cat.name as cname,blog_cat.cat_id as cid FROM `blog_cat`  left join blog_cat as c1 on blog_cat.parent_id=c1.cat_id  WHERE blog_cat.cat_id = null LIMIT 1   [ RunTime:0.0000s ]
SQL: SELECT `cat_id` FROM `blog_cat` WHERE `parent_id` = 28  [ RunTime:0.0010s ]
SQL: SELECT `id`,`title` FROM `blog_post` WHERE `id` < 40 AND `cat_id` IN ('28') ORDER BY id desc LIMIT 1   [ RunTime:0.0010s ]
SQL: SELECT `id`,`title` FROM `blog_post` WHERE `cat_id` IN ('28') AND `id` > 40 ORDER BY id asc LIMIT 1   [ RunTime:0.0020s ]
INFO: [ view_parse ] --START--
INFO: [ template_filter ] --START--
INFO: Run Behavior\ContentReplaceBehavior [ RunTime:0.000000s ]
INFO: [ template_filter ] --END-- [ RunTime:0.000000s ]
NOTIC: [8] Use of undefined constant imagesDir - assumed 'imagesDir' E:\phpStudy\WWW\ingblog_home\App\Runtime\Cache\Home\fc9841532c83a7e0c782a0c17f5c8f10.php 第 110 行.
NOTIC: [8] Use of undefined constant imagesDir - assumed 'imagesDir' E:\phpStudy\WWW\ingblog_home\App\Runtime\Cache\Home\fc9841532c83a7e0c782a0c17f5c8f10.php 第 110 行.
NOTIC: [8] Use of undefined constant imagesDir - assumed 'imagesDir' E:\phpStudy\WWW\ingblog_home\App\Runtime\Cache\Home\fc9841532c83a7e0c782a0c17f5c8f10.php 第 110 行.
NOTIC: [8] Use of undefined constant imagesDir - assumed 'imagesDir' E:\phpStudy\WWW\ingblog_home\App\Runtime\Cache\Home\fc9841532c83a7e0c782a0c17f5c8f10.php 第 110 行.
NOTIC: [8] Use of undefined constant imagesDir - assumed 'imagesDir' E:\phpStudy\WWW\ingblog_home\App\Runtime\Cache\Home\fc9841532c83a7e0c782a0c17f5c8f10.php 第 110 行.
NOTIC: [8] Use of undefined constant imagesDir - assumed 'imagesDir' E:\phpStudy\WWW\ingblog_home\App\Runtime\Cache\Home\fc9841532c83a7e0c782a0c17f5c8f10.php 第 110 行.
NOTIC: [8] Use of undefined constant imagesDir - assumed 'imagesDir' E:\phpStudy\WWW\ingblog_home\App\Runtime\Cache\Home\fc9841532c83a7e0c782a0c17f5c8f10.php 第 110 行.
NOTIC: [8] Use of undefined constant imagesDir - assumed 'imagesDir' E:\phpStudy\WWW\ingblog_home\App\Runtime\Cache\Home\fc9841532c83a7e0c782a0c17f5c8f10.php 第 110 行.
NOTIC: [8] Use of undefined constant imagesDir - assumed 'imagesDir' E:\phpStudy\WWW\ingblog_home\App\Runtime\Cache\Home\fc9841532c83a7e0c782a0c17f5c8f10.php 第 110 行.
NOTIC: [8] Use of undefined constant imagesDir - assumed 'imagesDir' E:\phpStudy\WWW\ingblog_home\App\Runtime\Cache\Home\fc9841532c83a7e0c782a0c17f5c8f10.php 第 110 行.
NOTIC: [8] Undefined index: tourist_id E:\phpStudy\WWW\ingblog_home\App\Runtime\Cache\Home\fc9841532c83a7e0c782a0c17f5c8f10.php 第 120 行.
NOTIC: [8] Undefined index: tourist_id E:\phpStudy\WWW\ingblog_home\App\Runtime\Cache\Home\fc9841532c83a7e0c782a0c17f5c8f10.php 第 139 行.
INFO: Run Behavior\ParseTemplateBehavior [ RunTime:0.025001s ]
INFO: [ view_parse ] --END-- [ RunTime:0.025001s ]
INFO: [ view_filter ] --START--
INFO: Run Behavior\WriteHtmlCacheBehavior [ RunTime:0.001000s ]
INFO: [ view_filter ] --END-- [ RunTime:0.001000s ]
INFO: [ app_end ] --START--
INFO: Run Behavior\ShowPageTraceBehavior [ RunTime:0.002000s ]
INFO: [ app_end ] --END-- [ RunTime:0.002000s ]

[ 2016-09-19T09:07:48+08:00 ] ::1 /ingblog_home/Home/Index/single/id/40.html
INFO: [ app_init ] --START--
INFO: Run Behavior\BuildLiteBehavior [ RunTime:0.000000s ]
INFO: [ app_init ] --END-- [ RunTime:0.007001s ]
INFO: [ app_begin ] --START--
INFO: Run Behavior\ReadHtmlCacheBehavior [ RunTime:0.003000s ]
INFO: [ app_begin ] --END-- [ RunTime:0.003000s ]
SQL: SHOW COLUMNS FROM `blog_post` [ RunTime:0.0180s ]
SQL: SHOW COLUMNS FROM `blog_file` [ RunTime:0.0090s ]
SQL: SHOW COLUMNS FROM `blog_tag` [ RunTime:0.0090s ]
SQL: SHOW COLUMNS FROM `blog_comment` [ RunTime:0.0230s ]
SQL: SHOW COLUMNS FROM `blog_cat` [ RunTime:0.0100s ]
SQL: SELECT * FROM `blog_post` WHERE `is_del` = 0 AND `type` = 1 AND `cover_url` <> '' ORDER BY click_count desc LIMIT 3   [ RunTime:0.0010s ]
SQL: SELECT * FROM `blog_tag` ORDER BY sort desc  [ RunTime:0.0010s ]
SQL: SELECT * FROM `blog_post` WHERE `id` = 40 LIMIT 1   [ RunTime:0.0020s ]
SQL: SELECT `name`,`savepath` FROM `blog_file` WHERE `id` IN ('52','51','44','45','41','40','39','43','50','46','42','38','37','36','35','34','30','31','33','32') LIMIT 10   [ RunTime:0.0010s ]
SQL: SELECT COUNT(*) AS tp_count FROM `blog_comment` WHERE `post_id` = 40 LIMIT 1   [ RunTime:0.0010s ]
SQL: SELECT c.*,t.username,`avatar` FROM `blog_comment`  as c left join blog_tourist as t on t.tourist_id = c.tourist_id  WHERE `is_del` = 0 AND `post_id` = '40' ORDER BY ctime desc LIMIT 0,10   [ RunTime:0.0020s ]
SQL: SELECT c1.*,blog_cat.name as cname,blog_cat.cat_id as cid FROM `blog_cat`  left join blog_cat as c1 on blog_cat.parent_id=c1.cat_id  WHERE blog_cat.cat_id = '28' LIMIT 1   [ RunTime:0.0010s ]
SQL: SELECT c1.*,blog_cat.name as cname,blog_cat.cat_id as cid FROM `blog_cat`  left join blog_cat as c1 on blog_cat.parent_id=c1.cat_id  WHERE blog_cat.cat_id = null LIMIT 1   [ RunTime:0.0020s ]
SQL: SELECT `cat_id` FROM `blog_cat` WHERE `parent_id` = 28  [ RunTime:0.0010s ]
SQL: SELECT `id`,`title` FROM `blog_post` WHERE `id` < 40 AND `cat_id` IN ('28') ORDER BY id desc LIMIT 1   [ RunTime:0.0010s ]
SQL: SELECT `id`,`title` FROM `blog_post` WHERE `cat_id` IN ('28') AND `id` > 40 ORDER BY id asc LIMIT 1   [ RunTime:0.0010s ]
INFO: [ view_parse ] --START--
INFO: [ template_filter ] --START--
INFO: Run Behavior\ContentReplaceBehavior [ RunTime:0.000000s ]
INFO: [ template_filter ] --END-- [ RunTime:0.000000s ]
NOTIC: [8] Use of undefined constant imagesDir - assumed 'imagesDir' E:\phpStudy\WWW\ingblog_home\App\Runtime\Cache\Home\fc9841532c83a7e0c782a0c17f5c8f10.php 第 110 行.
NOTIC: [8] Use of undefined constant imagesDir - assumed 'imagesDir' E:\phpStudy\WWW\ingblog_home\App\Runtime\Cache\Home\fc9841532c83a7e0c782a0c17f5c8f10.php 第 110 行.
NOTIC: [8] Use of undefined constant imagesDir - assumed 'imagesDir' E:\phpStudy\WWW\ingblog_home\App\Runtime\Cache\Home\fc9841532c83a7e0c782a0c17f5c8f10.php 第 110 行.
NOTIC: [8] Use of undefined constant imagesDir - assumed 'imagesDir' E:\phpStudy\WWW\ingblog_home\App\Runtime\Cache\Home\fc9841532c83a7e0c782a0c17f5c8f10.php 第 110 行.
NOTIC: [8] Use of undefined constant imagesDir - assumed 'imagesDir' E:\phpStudy\WWW\ingblog_home\App\Runtime\Cache\Home\fc9841532c83a7e0c782a0c17f5c8f10.php 第 110 行.
NOTIC: [8] Use of undefined constant imagesDir - assumed 'imagesDir' E:\phpStudy\WWW\ingblog_home\App\Runtime\Cache\Home\fc9841532c83a7e0c782a0c17f5c8f10.php 第 110 行.
NOTIC: [8] Use of undefined constant imagesDir - assumed 'imagesDir' E:\phpStudy\WWW\ingblog_home\App\Runtime\Cache\Home\fc9841532c83a7e0c782a0c17f5c8f10.php 第 110 行.
NOTIC: [8] Use of undefined constant imagesDir - assumed 'imagesDir' E:\phpStudy\WWW\ingblog_home\App\Runtime\Cache\Home\fc9841532c83a7e0c782a0c17f5c8f10.php 第 110 行.
NOTIC: [8] Use of undefined constant imagesDir - assumed 'imagesDir' E:\phpStudy\WWW\ingblog_home\App\Runtime\Cache\Home\fc9841532c83a7e0c782a0c17f5c8f10.php 第 110 行.
NOTIC: [8] Use of undefined constant imagesDir - assumed 'imagesDir' E:\phpStudy\WWW\ingblog_home\App\Runtime\Cache\Home\fc9841532c83a7e0c782a0c17f5c8f10.php 第 110 行.
NOTIC: [8] Undefined index: tourist_id E:\phpStudy\WWW\ingblog_home\App\Runtime\Cache\Home\fc9841532c83a7e0c782a0c17f5c8f10.php 第 120 行.
NOTIC: [8] Undefined index: tourist_id E:\phpStudy\WWW\ingblog_home\App\Runtime\Cache\Home\fc9841532c83a7e0c782a0c17f5c8f10.php 第 139 行.
INFO: Run Behavior\ParseTemplateBehavior [ RunTime:0.027001s ]
INFO: [ view_parse ] --END-- [ RunTime:0.028001s ]
INFO: [ view_filter ] --START--
INFO: Run Behavior\WriteHtmlCacheBehavior [ RunTime:0.002000s ]
INFO: [ view_filter ] --END-- [ RunTime:0.002000s ]
INFO: [ app_end ] --START--
INFO: Run Behavior\ShowPageTraceBehavior [ RunTime:0.002001s ]
INFO: [ app_end ] --END-- [ RunTime:0.002001s ]

[ 2016-09-19T09:07:50+08:00 ] ::1 /ingblog_home/Home/Index/ajaxGetPhotoList.html
INFO: [ app_init ] --START--
INFO: Run Behavior\BuildLiteBehavior [ RunTime:0.000000s ]
INFO: [ app_init ] --END-- [ RunTime:0.001000s ]
INFO: [ app_begin ] --START--
INFO: Run Behavior\ReadHtmlCacheBehavior [ RunTime:0.002000s ]
INFO: [ app_begin ] --END-- [ RunTime:0.002000s ]
SQL: SHOW COLUMNS FROM `blog_post` [ RunTime:0.0110s ]
SQL: SHOW COLUMNS FROM `blog_file` [ RunTime:0.0110s ]
SQL: SHOW COLUMNS FROM `blog_tag` [ RunTime:0.0140s ]
SQL: SHOW COLUMNS FROM `blog_comment` [ RunTime:0.0220s ]
SQL: SHOW COLUMNS FROM `blog_cat` [ RunTime:0.0110s ]
SQL: SELECT * FROM `blog_post` WHERE `is_del` = 0 AND `type` = 1 AND `cover_url` <> '' ORDER BY click_count desc LIMIT 3   [ RunTime:0.0010s ]
SQL: SELECT * FROM `blog_tag` ORDER BY sort desc  [ RunTime:0.0010s ]
SQL: SELECT * FROM `blog_post` WHERE `id` = 40 LIMIT 1   [ RunTime:0.0010s ]
SQL: SELECT `name`,`savepath` FROM `blog_file` WHERE `id` IN ('52','51','44','45','41','40','39','43','50','46','42','38','37','36','35','34','30','31','33','32') LIMIT 10,10   [ RunTime:0.0050s ]

[ 2016-09-19T09:08:20+08:00 ] ::1 /ingblog_home/Home/Index/single/id/40.html
INFO: [ app_init ] --START--
INFO: Run Behavior\BuildLiteBehavior [ RunTime:0.000000s ]
INFO: [ app_init ] --END-- [ RunTime:0.001000s ]
INFO: [ app_begin ] --START--
INFO: Run Behavior\ReadHtmlCacheBehavior [ RunTime:0.004000s ]
INFO: [ app_begin ] --END-- [ RunTime:0.004000s ]
SQL: SHOW COLUMNS FROM `blog_post` [ RunTime:0.0130s ]
SQL: SHOW COLUMNS FROM `blog_file` [ RunTime:0.0120s ]
SQL: SHOW COLUMNS FROM `blog_tag` [ RunTime:0.0080s ]
SQL: SHOW COLUMNS FROM `blog_comment` [ RunTime:0.0400s ]
SQL: SHOW COLUMNS FROM `blog_cat` [ RunTime:0.0400s ]
SQL: SELECT * FROM `blog_post` WHERE `is_del` = 0 AND `type` = 1 AND `cover_url` <> '' ORDER BY click_count desc LIMIT 3   [ RunTime:0.0010s ]
SQL: SELECT * FROM `blog_tag` ORDER BY sort desc  [ RunTime:0.0000s ]
SQL: SELECT * FROM `blog_post` WHERE `id` = 40 LIMIT 1   [ RunTime:0.0000s ]
SQL: SELECT `name`,`savepath` FROM `blog_file` WHERE `id` IN ('52','51','44','45','41','40','39','43','50','46','42','38','37','36','35','34','30','31','33','32') LIMIT 10   [ RunTime:0.0000s ]
SQL: SELECT COUNT(*) AS tp_count FROM `blog_comment` WHERE `post_id` = 40 LIMIT 1   [ RunTime:0.0000s ]
SQL: SELECT c.*,t.username,`avatar` FROM `blog_comment`  as c left join blog_tourist as t on t.tourist_id = c.tourist_id  WHERE `is_del` = 0 AND `post_id` = '40' ORDER BY ctime desc LIMIT 0,10   [ RunTime:0.0060s ]
SQL: SELECT c1.*,blog_cat.name as cname,blog_cat.cat_id as cid FROM `blog_cat`  left join blog_cat as c1 on blog_cat.parent_id=c1.cat_id  WHERE blog_cat.cat_id = '28' LIMIT 1   [ RunTime:0.0010s ]
SQL: SELECT c1.*,blog_cat.name as cname,blog_cat.cat_id as cid FROM `blog_cat`  left join blog_cat as c1 on blog_cat.parent_id=c1.cat_id  WHERE blog_cat.cat_id = null LIMIT 1   [ RunTime:0.0010s ]
SQL: SELECT `cat_id` FROM `blog_cat` WHERE `parent_id` = 28  [ RunTime:0.0010s ]
SQL: SELECT `id`,`title` FROM `blog_post` WHERE `id` < 40 AND `cat_id` IN ('28') ORDER BY id desc LIMIT 1   [ RunTime:0.0010s ]
SQL: SELECT `id`,`title` FROM `blog_post` WHERE `cat_id` IN ('28') AND `id` > 40 ORDER BY id asc LIMIT 1   [ RunTime:0.0010s ]
INFO: [ view_parse ] --START--
INFO: [ template_filter ] --START--
INFO: Run Behavior\ContentReplaceBehavior [ RunTime:0.000000s ]
INFO: [ template_filter ] --END-- [ RunTime:0.000000s ]
NOTIC: [8] Use of undefined constant imagesDir - assumed 'imagesDir' E:\phpStudy\WWW\ingblog_home\App\Runtime\Cache\Home\fc9841532c83a7e0c782a0c17f5c8f10.php 第 110 行.
NOTIC: [8] Use of undefined constant imagesDir - assumed 'imagesDir' E:\phpStudy\WWW\ingblog_home\App\Runtime\Cache\Home\fc9841532c83a7e0c782a0c17f5c8f10.php 第 110 行.
NOTIC: [8] Use of undefined constant imagesDir - assumed 'imagesDir' E:\phpStudy\WWW\ingblog_home\App\Runtime\Cache\Home\fc9841532c83a7e0c782a0c17f5c8f10.php 第 110 行.
NOTIC: [8] Use of undefined constant imagesDir - assumed 'imagesDir' E:\phpStudy\WWW\ingblog_home\App\Runtime\Cache\Home\fc9841532c83a7e0c782a0c17f5c8f10.php 第 110 行.
NOTIC: [8] Use of undefined constant imagesDir - assumed 'imagesDir' E:\phpStudy\WWW\ingblog_home\App\Runtime\Cache\Home\fc9841532c83a7e0c782a0c17f5c8f10.php 第 110 行.
NOTIC: [8] Use of undefined constant imagesDir - assumed 'imagesDir' E:\phpStudy\WWW\ingblog_home\App\Runtime\Cache\Home\fc9841532c83a7e0c782a0c17f5c8f10.php 第 110 行.
NOTIC: [8] Use of undefined constant imagesDir - assumed 'imagesDir' E:\phpStudy\WWW\ingblog_home\App\Runtime\Cache\Home\fc9841532c83a7e0c782a0c17f5c8f10.php 第 110 行.
NOTIC: [8] Use of undefined constant imagesDir - assumed 'imagesDir' E:\phpStudy\WWW\ingblog_home\App\Runtime\Cache\Home\fc9841532c83a7e0c782a0c17f5c8f10.php 第 110 行.
NOTIC: [8] Use of undefined constant imagesDir - assumed 'imagesDir' E:\phpStudy\WWW\ingblog_home\App\Runtime\Cache\Home\fc9841532c83a7e0c782a0c17f5c8f10.php 第 110 行.
NOTIC: [8] Use of undefined constant imagesDir - assumed 'imagesDir' E:\phpStudy\WWW\ingblog_home\App\Runtime\Cache\Home\fc9841532c83a7e0c782a0c17f5c8f10.php 第 110 行.
NOTIC: [8] Undefined index: tourist_id E:\phpStudy\WWW\ingblog_home\App\Runtime\Cache\Home\fc9841532c83a7e0c782a0c17f5c8f10.php 第 120 行.
NOTIC: [8] Undefined index: tourist_id E:\phpStudy\WWW\ingblog_home\App\Runtime\Cache\Home\fc9841532c83a7e0c782a0c17f5c8f10.php 第 139 行.
INFO: Run Behavior\ParseTemplateBehavior [ RunTime:0.045002s ]
INFO: [ view_parse ] --END-- [ RunTime:0.045002s ]
INFO: [ view_filter ] --START--
INFO: Run Behavior\WriteHtmlCacheBehavior [ RunTime:0.001000s ]
INFO: [ view_filter ] --END-- [ RunTime:0.001000s ]
INFO: [ app_end ] --START--
INFO: Run Behavior\ShowPageTraceBehavior [ RunTime:0.001000s ]
INFO: [ app_end ] --END-- [ RunTime:0.001000s ]

[ 2016-09-19T09:12:14+08:00 ] ::1 /ingblog_home/Home/Index/single/id/40.html
INFO: [ app_init ] --START--
INFO: Run Behavior\BuildLiteBehavior [ RunTime:0.000000s ]
INFO: [ app_init ] --END-- [ RunTime:0.001000s ]
INFO: [ app_begin ] --START--
INFO: Run Behavior\ReadHtmlCacheBehavior [ RunTime:0.003000s ]
INFO: [ app_begin ] --END-- [ RunTime:0.003000s ]
SQL: SHOW COLUMNS FROM `blog_post` [ RunTime:0.0160s ]
SQL: SHOW COLUMNS FROM `blog_file` [ RunTime:0.0210s ]
SQL: SHOW COLUMNS FROM `blog_tag` [ RunTime:0.0120s ]
SQL: SHOW COLUMNS FROM `blog_comment` [ RunTime:0.0260s ]
SQL: SHOW COLUMNS FROM `blog_cat` [ RunTime:0.0120s ]
SQL: SELECT * FROM `blog_post` WHERE `is_del` = 0 AND `type` = 1 AND `cover_url` <> '' ORDER BY click_count desc LIMIT 3   [ RunTime:0.0040s ]
SQL: SELECT * FROM `blog_tag` ORDER BY sort desc  [ RunTime:0.0020s ]
SQL: SELECT * FROM `blog_post` WHERE `id` = 40 LIMIT 1   [ RunTime:0.0010s ]
SQL: SELECT `name`,`savepath` FROM `blog_file` WHERE `id` IN ('52','51','44','45','41','40','39','43','50','46','42','38','37','36','35','34','30','31','33','32') LIMIT 10   [ RunTime:0.0010s ]
SQL: SELECT COUNT(*) AS tp_count FROM `blog_comment` WHERE `post_id` = 40 LIMIT 1   [ RunTime:0.0050s ]
SQL: SELECT c.*,t.username,`avatar` FROM `blog_comment`  as c left join blog_tourist as t on t.tourist_id = c.tourist_id  WHERE `is_del` = 0 AND `post_id` = '40' ORDER BY ctime desc LIMIT 0,10   [ RunTime:0.0020s ]
SQL: SELECT c1.*,blog_cat.name as cname,blog_cat.cat_id as cid FROM `blog_cat`  left join blog_cat as c1 on blog_cat.parent_id=c1.cat_id  WHERE blog_cat.cat_id = '28' LIMIT 1   [ RunTime:0.0010s ]
SQL: SELECT c1.*,blog_cat.name as cname,blog_cat.cat_id as cid FROM `blog_cat`  left join blog_cat as c1 on blog_cat.parent_id=c1.cat_id  WHERE blog_cat.cat_id = null LIMIT 1   [ RunTime:0.0000s ]
SQL: SELECT `cat_id` FROM `blog_cat` WHERE `parent_id` = 28  [ RunTime:0.0000s ]
SQL: SELECT `id`,`title` FROM `blog_post` WHERE `id` < 40 AND `cat_id` IN ('28') ORDER BY id desc LIMIT 1   [ RunTime:0.0030s ]
SQL: SELECT `id`,`title` FROM `blog_post` WHERE `cat_id` IN ('28') AND `id` > 40 ORDER BY id asc LIMIT 1   [ RunTime:0.0010s ]
INFO: [ view_parse ] --START--
INFO: [ template_filter ] --START--
INFO: Run Behavior\ContentReplaceBehavior [ RunTime:0.000000s ]
INFO: [ template_filter ] --END-- [ RunTime:0.000000s ]
NOTIC: [8] Use of undefined constant imagesDir - assumed 'imagesDir' E:\phpStudy\WWW\ingblog_home\App\Runtime\Cache\Home\fc9841532c83a7e0c782a0c17f5c8f10.php 第 110 行.
NOTIC: [8] Use of undefined constant imagesDir - assumed 'imagesDir' E:\phpStudy\WWW\ingblog_home\App\Runtime\Cache\Home\fc9841532c83a7e0c782a0c17f5c8f10.php 第 110 行.
NOTIC: [8] Use of undefined constant imagesDir - assumed 'imagesDir' E:\phpStudy\WWW\ingblog_home\App\Runtime\Cache\Home\fc9841532c83a7e0c782a0c17f5c8f10.php 第 110 行.
NOTIC: [8] Use of undefined constant imagesDir - assumed 'imagesDir' E:\phpStudy\WWW\ingblog_home\App\Runtime\Cache\Home\fc9841532c83a7e0c782a0c17f5c8f10.php 第 110 行.
NOTIC: [8] Use of undefined constant imagesDir - assumed 'imagesDir' E:\phpStudy\WWW\ingblog_home\App\Runtime\Cache\Home\fc9841532c83a7e0c782a0c17f5c8f10.php 第 110 行.
NOTIC: [8] Use of undefined constant imagesDir - assumed 'imagesDir' E:\phpStudy\WWW\ingblog_home\App\Runtime\Cache\Home\fc9841532c83a7e0c782a0c17f5c8f10.php 第 110 行.
NOTIC: [8] Use of undefined constant imagesDir - assumed 'imagesDir' E:\phpStudy\WWW\ingblog_home\App\Runtime\Cache\Home\fc9841532c83a7e0c782a0c17f5c8f10.php 第 110 行.
NOTIC: [8] Use of undefined constant imagesDir - assumed 'imagesDir' E:\phpStudy\WWW\ingblog_home\App\Runtime\Cache\Home\fc9841532c83a7e0c782a0c17f5c8f10.php 第 110 行.
NOTIC: [8] Use of undefined constant imagesDir - assumed 'imagesDir' E:\phpStudy\WWW\ingblog_home\App\Runtime\Cache\Home\fc9841532c83a7e0c782a0c17f5c8f10.php 第 110 行.
NOTIC: [8] Use of undefined constant imagesDir - assumed 'imagesDir' E:\phpStudy\WWW\ingblog_home\App\Runtime\Cache\Home\fc9841532c83a7e0c782a0c17f5c8f10.php 第 110 行.
NOTIC: [8] Undefined index: tourist_id E:\phpStudy\WWW\ingblog_home\App\Runtime\Cache\Home\fc9841532c83a7e0c782a0c17f5c8f10.php 第 120 行.
NOTIC: [8] Undefined index: tourist_id E:\phpStudy\WWW\ingblog_home\App\Runtime\Cache\Home\fc9841532c83a7e0c782a0c17f5c8f10.php 第 139 行.
INFO: Run Behavior\ParseTemplateBehavior [ RunTime:0.028002s ]
INFO: [ view_parse ] --END-- [ RunTime:0.028002s ]
INFO: [ view_filter ] --START--
INFO: Run Behavior\WriteHtmlCacheBehavior [ RunTime:0.019001s ]
INFO: [ view_filter ] --END-- [ RunTime:0.019001s ]
INFO: [ app_end ] --START--
INFO: Run Behavior\ShowPageTraceBehavior [ RunTime:0.001000s ]
INFO: [ app_end ] --END-- [ RunTime:0.001000s ]

[ 2016-09-19T09:13:58+08:00 ] 127.0.0.1 /ingblog_home/Home/Index/single/id/40.html
INFO: [ app_init ] --START--
INFO: Run Behavior\BuildLiteBehavior [ RunTime:0.000000s ]
INFO: [ app_init ] --END-- [ RunTime:0.001000s ]
INFO: [ app_begin ] --START--
INFO: Run Behavior\ReadHtmlCacheBehavior [ RunTime:0.001000s ]
INFO: [ app_begin ] --END-- [ RunTime:0.001000s ]
SQL: SHOW COLUMNS FROM `blog_post` [ RunTime:0.0090s ]
SQL: SHOW COLUMNS FROM `blog_file` [ RunTime:0.0110s ]
SQL: SHOW COLUMNS FROM `blog_tag` [ RunTime:0.0080s ]
SQL: SHOW COLUMNS FROM `blog_comment` [ RunTime:0.0090s ]
SQL: SHOW COLUMNS FROM `blog_cat` [ RunTime:0.0100s ]
SQL: SELECT * FROM `blog_post` WHERE `is_del` = 0 AND `type` = 1 AND `cover_url` <> '' ORDER BY click_count desc LIMIT 3   [ RunTime:0.0020s ]
SQL: SELECT * FROM `blog_tag` ORDER BY sort desc  [ RunTime:0.0010s ]
SQL: SELECT * FROM `blog_post` WHERE `id` = 40 LIMIT 1   [ RunTime:0.0010s ]
SQL: SELECT `name`,`savepath` FROM `blog_file` WHERE `id` IN ('52','51','44','45','41','40','39','43','50','46','42','38','37','36','35','34','30','31','33','32') LIMIT 10   [ RunTime:0.0010s ]
SQL: SELECT COUNT(*) AS tp_count FROM `blog_comment` WHERE `post_id` = 40 LIMIT 1   [ RunTime:0.0010s ]
SQL: SELECT c.*,t.username,`avatar` FROM `blog_comment`  as c left join blog_tourist as t on t.tourist_id = c.tourist_id  WHERE `is_del` = 0 AND `post_id` = '40' ORDER BY ctime desc LIMIT 0,10   [ RunTime:0.0020s ]
SQL: SELECT c1.*,blog_cat.name as cname,blog_cat.cat_id as cid FROM `blog_cat`  left join blog_cat as c1 on blog_cat.parent_id=c1.cat_id  WHERE blog_cat.cat_id = '28' LIMIT 1   [ RunTime:0.0010s ]
SQL: SELECT c1.*,blog_cat.name as cname,blog_cat.cat_id as cid FROM `blog_cat`  left join blog_cat as c1 on blog_cat.parent_id=c1.cat_id  WHERE blog_cat.cat_id = null LIMIT 1   [ RunTime:0.0000s ]
SQL: SELECT `cat_id` FROM `blog_cat` WHERE `parent_id` = 28  [ RunTime:0.0000s ]
SQL: SELECT `id`,`title` FROM `blog_post` WHERE `id` < 40 AND `cat_id` IN ('28') ORDER BY id desc LIMIT 1   [ RunTime:0.0010s ]
SQL: SELECT `id`,`title` FROM `blog_post` WHERE `cat_id` IN ('28') AND `id` > 40 ORDER BY id asc LIMIT 1   [ RunTime:0.0010s ]
INFO: [ view_parse ] --START--
INFO: [ template_filter ] --START--
INFO: Run Behavior\ContentReplaceBehavior [ RunTime:0.000000s ]
INFO: [ template_filter ] --END-- [ RunTime:0.000000s ]
NOTIC: [8] Use of undefined constant imagesDir - assumed 'imagesDir' E:\phpStudy\WWW\ingblog_home\App\Runtime\Cache\Home\fc9841532c83a7e0c782a0c17f5c8f10.php 第 110 行.
NOTIC: [8] Use of undefined constant imagesDir - assumed 'imagesDir' E:\phpStudy\WWW\ingblog_home\App\Runtime\Cache\Home\fc9841532c83a7e0c782a0c17f5c8f10.php 第 110 行.
NOTIC: [8] Use of undefined constant imagesDir - assumed 'imagesDir' E:\phpStudy\WWW\ingblog_home\App\Runtime\Cache\Home\fc9841532c83a7e0c782a0c17f5c8f10.php 第 110 行.
NOTIC: [8] Use of undefined constant imagesDir - assumed 'imagesDir' E:\phpStudy\WWW\ingblog_home\App\Runtime\Cache\Home\fc9841532c83a7e0c782a0c17f5c8f10.php 第 110 行.
NOTIC: [8] Use of undefined constant imagesDir - assumed 'imagesDir' E:\phpStudy\WWW\ingblog_home\App\Runtime\Cache\Home\fc9841532c83a7e0c782a0c17f5c8f10.php 第 110 行.
NOTIC: [8] Use of undefined constant imagesDir - assumed 'imagesDir' E:\phpStudy\WWW\ingblog_home\App\Runtime\Cache\Home\fc9841532c83a7e0c782a0c17f5c8f10.php 第 110 行.
NOTIC: [8] Use of undefined constant imagesDir - assumed 'imagesDir' E:\phpStudy\WWW\ingblog_home\App\Runtime\Cache\Home\fc9841532c83a7e0c782a0c17f5c8f10.php 第 110 行.
NOTIC: [8] Use of undefined constant imagesDir - assumed 'imagesDir' E:\phpStudy\WWW\ingblog_home\App\Runtime\Cache\Home\fc9841532c83a7e0c782a0c17f5c8f10.php 第 110 行.
NOTIC: [8] Use of undefined constant imagesDir - assumed 'imagesDir' E:\phpStudy\WWW\ingblog_home\App\Runtime\Cache\Home\fc9841532c83a7e0c782a0c17f5c8f10.php 第 110 行.
NOTIC: [8] Use of undefined constant imagesDir - assumed 'imagesDir' E:\phpStudy\WWW\ingblog_home\App\Runtime\Cache\Home\fc9841532c83a7e0c782a0c17f5c8f10.php 第 110 行.
INFO: Run Behavior\ParseTemplateBehavior [ RunTime:0.028002s ]
INFO: [ view_parse ] --END-- [ RunTime:0.028002s ]
INFO: [ view_filter ] --START--
INFO: Run Behavior\WriteHtmlCacheBehavior [ RunTime:0.002000s ]
INFO: [ view_filter ] --END-- [ RunTime:0.002000s ]
INFO: [ app_end ] --START--
INFO: Run Behavior\ShowPageTraceBehavior [ RunTime:0.001000s ]
INFO: [ app_end ] --END-- [ RunTime:0.001000s ]

[ 2016-09-19T09:14:18+08:00 ] 127.0.0.1 /ingblog_home/Home/Index/single/id/40.html
INFO: [ app_init ] --START--
INFO: Run Behavior\BuildLiteBehavior [ RunTime:0.000000s ]
INFO: [ app_init ] --END-- [ RunTime:0.004001s ]
INFO: [ app_begin ] --START--
INFO: Run Behavior\ReadHtmlCacheBehavior [ RunTime:0.001000s ]
INFO: [ app_begin ] --END-- [ RunTime:0.001000s ]
SQL: SHOW COLUMNS FROM `blog_post` [ RunTime:0.0130s ]
SQL: SHOW COLUMNS FROM `blog_file` [ RunTime:0.0140s ]
SQL: SHOW COLUMNS FROM `blog_tag` [ RunTime:0.0090s ]
SQL: SHOW COLUMNS FROM `blog_comment` [ RunTime:0.0090s ]
SQL: SHOW COLUMNS FROM `blog_cat` [ RunTime:0.0110s ]
SQL: SELECT * FROM `blog_post` WHERE `is_del` = 0 AND `type` = 1 AND `cover_url` <> '' ORDER BY click_count desc LIMIT 3   [ RunTime:0.0040s ]
SQL: SELECT * FROM `blog_tag` ORDER BY sort desc  [ RunTime:0.0000s ]
SQL: SELECT * FROM `blog_post` WHERE `id` = 40 LIMIT 1   [ RunTime:0.0000s ]
SQL: SELECT `name`,`savepath` FROM `blog_file` WHERE `id` IN ('52','51','44','45','41','40','39','43','50','46','42','38','37','36','35','34','30','31','33','32') LIMIT 10   [ RunTime:0.0000s ]
SQL: SELECT COUNT(*) AS tp_count FROM `blog_comment` WHERE `post_id` = 40 LIMIT 1   [ RunTime:0.0000s ]
SQL: SELECT c.*,t.username,`avatar` FROM `blog_comment`  as c left join blog_tourist as t on t.tourist_id = c.tourist_id  WHERE `is_del` = 0 AND `post_id` = '40' ORDER BY ctime desc LIMIT 0,10   [ RunTime:0.0020s ]
SQL: SELECT c1.*,blog_cat.name as cname,blog_cat.cat_id as cid FROM `blog_cat`  left join blog_cat as c1 on blog_cat.parent_id=c1.cat_id  WHERE blog_cat.cat_id = '28' LIMIT 1   [ RunTime:0.0010s ]
SQL: SELECT c1.*,blog_cat.name as cname,blog_cat.cat_id as cid FROM `blog_cat`  left join blog_cat as c1 on blog_cat.parent_id=c1.cat_id  WHERE blog_cat.cat_id = null LIMIT 1   [ RunTime:0.0030s ]
SQL: SELECT `cat_id` FROM `blog_cat` WHERE `parent_id` = 28  [ RunTime:0.0000s ]
SQL: SELECT `id`,`title` FROM `blog_post` WHERE `id` < 40 AND `cat_id` IN ('28') ORDER BY id desc LIMIT 1   [ RunTime:0.0020s ]
SQL: SELECT `id`,`title` FROM `blog_post` WHERE `cat_id` IN ('28') AND `id` > 40 ORDER BY id asc LIMIT 1   [ RunTime:0.0010s ]
INFO: [ view_parse ] --START--
INFO: [ template_filter ] --START--
INFO: Run Behavior\ContentReplaceBehavior [ RunTime:0.001001s ]
INFO: [ template_filter ] --END-- [ RunTime:0.001001s ]
NOTIC: [8] Use of undefined constant imagesDir - assumed 'imagesDir' E:\phpStudy\WWW\ingblog_home\App\Runtime\Cache\Home\fc9841532c83a7e0c782a0c17f5c8f10.php 第 110 行.
NOTIC: [8] Use of undefined constant imagesDir - assumed 'imagesDir' E:\phpStudy\WWW\ingblog_home\App\Runtime\Cache\Home\fc9841532c83a7e0c782a0c17f5c8f10.php 第 110 行.
NOTIC: [8] Use of undefined constant imagesDir - assumed 'imagesDir' E:\phpStudy\WWW\ingblog_home\App\Runtime\Cache\Home\fc9841532c83a7e0c782a0c17f5c8f10.php 第 110 行.
NOTIC: [8] Use of undefined constant imagesDir - assumed 'imagesDir' E:\phpStudy\WWW\ingblog_home\App\Runtime\Cache\Home\fc9841532c83a7e0c782a0c17f5c8f10.php 第 110 行.
NOTIC: [8] Use of undefined constant imagesDir - assumed 'imagesDir' E:\phpStudy\WWW\ingblog_home\App\Runtime\Cache\Home\fc9841532c83a7e0c782a0c17f5c8f10.php 第 110 行.
NOTIC: [8] Use of undefined constant imagesDir - assumed 'imagesDir' E:\phpStudy\WWW\ingblog_home\App\Runtime\Cache\Home\fc9841532c83a7e0c782a0c17f5c8f10.php 第 110 行.
NOTIC: [8] Use of undefined constant imagesDir - assumed 'imagesDir' E:\phpStudy\WWW\ingblog_home\App\Runtime\Cache\Home\fc9841532c83a7e0c782a0c17f5c8f10.php 第 110 行.
NOTIC: [8] Use of undefined constant imagesDir - assumed 'imagesDir' E:\phpStudy\WWW\ingblog_home\App\Runtime\Cache\Home\fc9841532c83a7e0c782a0c17f5c8f10.php 第 110 行.
NOTIC: [8] Use of undefined constant imagesDir - assumed 'imagesDir' E:\phpStudy\WWW\ingblog_home\App\Runtime\Cache\Home\fc9841532c83a7e0c782a0c17f5c8f10.php 第 110 行.
NOTIC: [8] Use of undefined constant imagesDir - assumed 'imagesDir' E:\phpStudy\WWW\ingblog_home\App\Runtime\Cache\Home\fc9841532c83a7e0c782a0c17f5c8f10.php 第 110 行.
INFO: Run Behavior\ParseTemplateBehavior [ RunTime:0.032002s ]
INFO: [ view_parse ] --END-- [ RunTime:0.032002s ]
INFO: [ view_filter ] --START--
INFO: Run Behavior\WriteHtmlCacheBehavior [ RunTime:0.001000s ]
INFO: [ view_filter ] --END-- [ RunTime:0.001000s ]
INFO: [ app_end ] --START--
INFO: Run Behavior\ShowPageTraceBehavior [ RunTime:0.005000s ]
INFO: [ app_end ] --END-- [ RunTime:0.005000s ]

[ 2016-09-19T09:14:45+08:00 ] 127.0.0.1 /ingblog_home/Home/Index/ajaxGetPhotoList.html
INFO: [ app_init ] --START--
INFO: Run Behavior\BuildLiteBehavior [ RunTime:0.000000s ]
INFO: [ app_init ] --END-- [ RunTime:0.001001s ]
INFO: [ app_begin ] --START--
INFO: Run Behavior\ReadHtmlCacheBehavior [ RunTime:0.001000s ]
INFO: [ app_begin ] --END-- [ RunTime:0.001000s ]
SQL: SHOW COLUMNS FROM `blog_post` [ RunTime:0.0140s ]
SQL: SHOW COLUMNS FROM `blog_file` [ RunTime:0.0140s ]
SQL: SHOW COLUMNS FROM `blog_tag` [ RunTime:0.0330s ]
SQL: SHOW COLUMNS FROM `blog_comment` [ RunTime:0.0240s ]
SQL: SHOW COLUMNS FROM `blog_cat` [ RunTime:0.0240s ]
SQL: SELECT * FROM `blog_post` WHERE `is_del` = 0 AND `type` = 1 AND `cover_url` <> '' ORDER BY click_count desc LIMIT 3   [ RunTime:0.0020s ]
SQL: SELECT * FROM `blog_tag` ORDER BY sort desc  [ RunTime:0.0010s ]
SQL: SELECT * FROM `blog_post` WHERE `id` = 40 LIMIT 1   [ RunTime:0.0360s ]
SQL: SELECT `name`,`savepath` FROM `blog_file` WHERE `id` IN ('52','51','44','45','41','40','39','43','50','46','42','38','37','36','35','34','30','31','33','32') LIMIT 10,10   [ RunTime:0.0020s ]

[ 2016-09-19T09:14:46+08:00 ] 127.0.0.1 /ingblog_home/Home/Index/ajaxGetPhotoList.html
INFO: [ app_init ] --START--
INFO: Run Behavior\BuildLiteBehavior [ RunTime:0.000000s ]
INFO: [ app_init ] --END-- [ RunTime:0.001000s ]
INFO: [ app_begin ] --START--
INFO: Run Behavior\ReadHtmlCacheBehavior [ RunTime:0.001000s ]
INFO: [ app_begin ] --END-- [ RunTime:0.002000s ]
SQL: SHOW COLUMNS FROM `blog_post` [ RunTime:0.0210s ]
SQL: SHOW COLUMNS FROM `blog_file` [ RunTime:0.0100s ]
SQL: SHOW COLUMNS FROM `blog_tag` [ RunTime:0.0150s ]
SQL: SHOW COLUMNS FROM `blog_comment` [ RunTime:0.0220s ]
SQL: SHOW COLUMNS FROM `blog_cat` [ RunTime:0.0110s ]
SQL: SELECT * FROM `blog_post` WHERE `is_del` = 0 AND `type` = 1 AND `cover_url` <> '' ORDER BY click_count desc LIMIT 3   [ RunTime:0.0240s ]
SQL: SELECT * FROM `blog_tag` ORDER BY sort desc  [ RunTime:0.0010s ]
SQL: SELECT * FROM `blog_post` WHERE `id` = 40 LIMIT 1   [ RunTime:0.0010s ]
SQL: SELECT `name`,`savepath` FROM `blog_file` WHERE `id` IN ('52','51','44','45','41','40','39','43','50','46','42','38','37','36','35','34','30','31','33','32') LIMIT 20,10   [ RunTime:0.0010s ]

