[ 2016-08-31T14:59:09+08:00 ] 127.0.0.1 /ingblog_home/Home/Index/index.html
INFO: [ app_init ] --START--
INFO: Run Behavior\BuildLiteBehavior [ RunTime:0.000000s ]
INFO: [ app_init ] --END-- [ RunTime:0.001000s ]
INFO: [ app_begin ] --START--
INFO: Run Behavior\ReadHtmlCacheBehavior [ RunTime:0.001000s ]
INFO: [ app_begin ] --END-- [ RunTime:0.001000s ]
ERR: 无法加载数据库驱动: Think\Db\Driver\

[ 2016-08-31T15:00:53+08:00 ] 127.0.0.1 /ingblog_home/Home/Index/index.html
INFO: [ app_init ] --START--
INFO: Run Behavior\BuildLiteBehavior [ RunTime:0.000000s ]
INFO: [ app_init ] --END-- [ RunTime:0.001000s ]
INFO: [ app_begin ] --START--
INFO: Run Behavior\ReadHtmlCacheBehavior [ RunTime:0.001000s ]
INFO: [ app_begin ] --END-- [ RunTime:0.001000s ]
ERR: 1146:Table 'ingblog.blogpost' doesn't exist
 [ SQL语句 ] : SHOW COLUMNS FROM `blogpost`
ERR: 1146:Table 'ingblog.blogpost' doesn't exist
 [ SQL语句 ] : SHOW COLUMNS FROM `blogpost`

[ 2016-08-31T15:01:02+08:00 ] 127.0.0.1 /ingblog_home/Home/Index/index.html
INFO: [ app_init ] --START--
INFO: Run Behavior\BuildLiteBehavior [ RunTime:0.000000s ]
INFO: [ app_init ] --END-- [ RunTime:0.001000s ]
INFO: [ app_begin ] --START--
INFO: Run Behavior\ReadHtmlCacheBehavior [ RunTime:0.001000s ]
INFO: [ app_begin ] --END-- [ RunTime:0.001000s ]
SQL: SHOW COLUMNS FROM `blog_post` [ RunTime:0.0090s ]
SQL: SELECT * FROM `blog_post` ORDER BY ctime desc  [ RunTime:0.0020s ]
INFO: [ view_parse ] --START--
INFO: [ template_filter ] --START--
INFO: Run Behavior\ContentReplaceBehavior [ RunTime:0.000000s ]
INFO: [ template_filter ] --END-- [ RunTime:0.000000s ]
INFO: Run Behavior\ParseTemplateBehavior [ RunTime:0.022002s ]
INFO: [ view_parse ] --END-- [ RunTime:0.022002s ]
INFO: [ view_filter ] --START--
INFO: Run Behavior\WriteHtmlCacheBehavior [ RunTime:0.001500s ]
INFO: [ view_filter ] --END-- [ RunTime:0.001500s ]
NOTIC: [2] Cannot modify header information - headers already sent by (output started at E:\phpStudy\WWW\ingblog_home\App\Home\Controller\IndexController.class.php:9) E:\phpStudy\WWW\ingblog_home\ThinkPHP\Library\Think\View.class.php 第 91 行.
NOTIC: [2] Cannot modify header information - headers already sent by (output started at E:\phpStudy\WWW\ingblog_home\App\Home\Controller\IndexController.class.php:9) E:\phpStudy\WWW\ingblog_home\ThinkPHP\Library\Think\View.class.php 第 92 行.
NOTIC: [2] Cannot modify header information - headers already sent by (output started at E:\phpStudy\WWW\ingblog_home\App\Home\Controller\IndexController.class.php:9) E:\phpStudy\WWW\ingblog_home\ThinkPHP\Library\Think\View.class.php 第 93 行.
INFO: [ app_end ] --START--
INFO: Run Behavior\ShowPageTraceBehavior [ RunTime:0.005001s ]
INFO: [ app_end ] --END-- [ RunTime:0.005001s ]

[ 2016-08-31T15:03:44+08:00 ] 127.0.0.1 /ingblog_home/Home/Index/index.html
INFO: [ app_init ] --START--
INFO: Run Behavior\BuildLiteBehavior [ RunTime:0.000000s ]
INFO: [ app_init ] --END-- [ RunTime:0.004001s ]
INFO: [ app_begin ] --START--
INFO: Run Behavior\ReadHtmlCacheBehavior [ RunTime:0.001501s ]
INFO: [ app_begin ] --END-- [ RunTime:0.001501s ]
SQL: SHOW COLUMNS FROM `blog_post` [ RunTime:0.0150s ]
SQL: SELECT * FROM `blog_post` ORDER BY ctime desc  [ RunTime:0.0040s ]
INFO: [ view_parse ] --START--
INFO: [ template_filter ] --START--
INFO: Run Behavior\ContentReplaceBehavior [ RunTime:0.000000s ]
INFO: [ template_filter ] --END-- [ RunTime:0.000000s ]
INFO: Run Behavior\ParseTemplateBehavior [ RunTime:0.017002s ]
INFO: [ view_parse ] --END-- [ RunTime:0.021503s ]
INFO: [ view_filter ] --START--
INFO: Run Behavior\WriteHtmlCacheBehavior [ RunTime:0.001000s ]
INFO: [ view_filter ] --END-- [ RunTime:0.001000s ]
INFO: [ app_end ] --START--
INFO: Run Behavior\ShowPageTraceBehavior [ RunTime:0.001500s ]
INFO: [ app_end ] --END-- [ RunTime:0.001500s ]

[ 2016-08-31T15:05:14+08:00 ] 127.0.0.1 /ingblog_home/Home/Index/index.html
INFO: [ app_init ] --START--
INFO: Run Behavior\BuildLiteBehavior [ RunTime:0.000000s ]
INFO: [ app_init ] --END-- [ RunTime:0.000000s ]
INFO: [ app_begin ] --START--
INFO: Run Behavior\ReadHtmlCacheBehavior [ RunTime:0.001000s ]
INFO: [ app_begin ] --END-- [ RunTime:0.001000s ]
SQL: SHOW COLUMNS FROM `blog_post` [ RunTime:0.0090s ]
SQL: SELECT * FROM `blog_post` ORDER BY ctime desc  [ RunTime:0.0020s ]
INFO: [ view_parse ] --START--
INFO: [ template_filter ] --START--
INFO: Run Behavior\ContentReplaceBehavior [ RunTime:0.000000s ]
INFO: [ template_filter ] --END-- [ RunTime:0.000000s ]
INFO: Run Behavior\ParseTemplateBehavior [ RunTime:0.015001s ]
INFO: [ view_parse ] --END-- [ RunTime:0.015001s ]
INFO: [ view_filter ] --START--
INFO: Run Behavior\WriteHtmlCacheBehavior [ RunTime:0.001000s ]
INFO: [ view_filter ] --END-- [ RunTime:0.001000s ]
INFO: [ app_end ] --START--
INFO: Run Behavior\ShowPageTraceBehavior [ RunTime:0.002000s ]
INFO: [ app_end ] --END-- [ RunTime:0.002000s ]

[ 2016-08-31T15:06:16+08:00 ] 127.0.0.1 /ingblog_home/Home/Index/index.html
INFO: [ app_init ] --START--
INFO: Run Behavior\BuildLiteBehavior [ RunTime:0.000000s ]
INFO: [ app_init ] --END-- [ RunTime:0.001000s ]
INFO: [ app_begin ] --START--
INFO: Run Behavior\ReadHtmlCacheBehavior [ RunTime:0.001000s ]
INFO: [ app_begin ] --END-- [ RunTime:0.001000s ]
SQL: SHOW COLUMNS FROM `blog_post` [ RunTime:0.0080s ]
SQL: SELECT * FROM `blog_post` ORDER BY ctime desc  [ RunTime:0.0020s ]
INFO: [ view_parse ] --START--
INFO: [ template_filter ] --START--
INFO: Run Behavior\ContentReplaceBehavior [ RunTime:0.000000s ]
INFO: [ template_filter ] --END-- [ RunTime:0.000000s ]
INFO: Run Behavior\ParseTemplateBehavior [ RunTime:0.014001s ]
INFO: [ view_parse ] --END-- [ RunTime:0.014001s ]
INFO: [ view_filter ] --START--
INFO: Run Behavior\WriteHtmlCacheBehavior [ RunTime:0.001000s ]
INFO: [ view_filter ] --END-- [ RunTime:0.001000s ]
INFO: [ app_end ] --START--
INFO: Run Behavior\ShowPageTraceBehavior [ RunTime:0.003000s ]
INFO: [ app_end ] --END-- [ RunTime:0.003000s ]

[ 2016-08-31T15:08:41+08:00 ] 127.0.0.1 /ingblog_home/Home/Index/index.html
INFO: [ app_init ] --START--
INFO: Run Behavior\BuildLiteBehavior [ RunTime:0.000000s ]
INFO: [ app_init ] --END-- [ RunTime:0.000000s ]
INFO: [ app_begin ] --START--
INFO: Run Behavior\ReadHtmlCacheBehavior [ RunTime:0.001000s ]
INFO: [ app_begin ] --END-- [ RunTime:0.001000s ]
SQL: SHOW COLUMNS FROM `blog_post` [ RunTime:0.0070s ]
SQL: SELECT * FROM `blog_post` ORDER BY ctime desc  [ RunTime:0.0020s ]
INFO: [ view_parse ] --START--
INFO: [ template_filter ] --START--
INFO: Run Behavior\ContentReplaceBehavior [ RunTime:0.000000s ]
INFO: [ template_filter ] --END-- [ RunTime:0.001000s ]
INFO: Run Behavior\ParseTemplateBehavior [ RunTime:0.013001s ]
INFO: [ view_parse ] --END-- [ RunTime:0.013001s ]
INFO: [ view_filter ] --START--
INFO: Run Behavior\WriteHtmlCacheBehavior [ RunTime:0.001000s ]
INFO: [ view_filter ] --END-- [ RunTime:0.001000s ]
INFO: [ app_end ] --START--
INFO: Run Behavior\ShowPageTraceBehavior [ RunTime:0.002000s ]
INFO: [ app_end ] --END-- [ RunTime:0.002000s ]

[ 2016-08-31T15:10:27+08:00 ] 127.0.0.1 /ingblog_home/Home/Index/index.html
INFO: [ app_init ] --START--
INFO: Run Behavior\BuildLiteBehavior [ RunTime:0.000000s ]
INFO: [ app_init ] --END-- [ RunTime:0.002000s ]
INFO: [ app_begin ] --START--
INFO: Run Behavior\ReadHtmlCacheBehavior [ RunTime:0.001001s ]
INFO: [ app_begin ] --END-- [ RunTime:0.001001s ]
SQL: SHOW COLUMNS FROM `blog_post` [ RunTime:0.0070s ]
SQL: SELECT * FROM `blog_post` ORDER BY ctime desc  [ RunTime:0.0030s ]
INFO: [ view_parse ] --START--
INFO: [ template_filter ] --START--
INFO: Run Behavior\ContentReplaceBehavior [ RunTime:0.001000s ]
INFO: [ template_filter ] --END-- [ RunTime:0.001000s ]
NOTIC: [8] Undefined variable: item E:\phpStudy\WWW\ingblog_home\App\Runtime\Cache\Home\00e52909bed743ea261af4b6823297ff.php 第 124 行.
NOTIC: [8] Undefined variable: item E:\phpStudy\WWW\ingblog_home\App\Runtime\Cache\Home\00e52909bed743ea261af4b6823297ff.php 第 127 行.
INFO: Run Behavior\ParseTemplateBehavior [ RunTime:0.013001s ]
INFO: [ view_parse ] --END-- [ RunTime:0.013001s ]
INFO: [ view_filter ] --START--
INFO: Run Behavior\WriteHtmlCacheBehavior [ RunTime:0.003000s ]
INFO: [ view_filter ] --END-- [ RunTime:0.003000s ]
INFO: [ app_end ] --START--
INFO: Run Behavior\ShowPageTraceBehavior [ RunTime:0.002000s ]
INFO: [ app_end ] --END-- [ RunTime:0.002000s ]

[ 2016-08-31T15:11:20+08:00 ] 127.0.0.1 /ingblog_home/Home/Index/index.html
INFO: [ app_init ] --START--
INFO: Run Behavior\BuildLiteBehavior [ RunTime:0.000000s ]
INFO: [ app_init ] --END-- [ RunTime:0.000000s ]
INFO: [ app_begin ] --START--
INFO: Run Behavior\ReadHtmlCacheBehavior [ RunTime:0.001000s ]
INFO: [ app_begin ] --END-- [ RunTime:0.001000s ]
SQL: SHOW COLUMNS FROM `blog_post` [ RunTime:0.0100s ]
SQL: SELECT * FROM `blog_post` ORDER BY ctime desc  [ RunTime:0.0020s ]
INFO: [ view_parse ] --START--
INFO: [ template_filter ] --START--
INFO: Run Behavior\ContentReplaceBehavior [ RunTime:0.000000s ]
INFO: [ template_filter ] --END-- [ RunTime:0.000000s ]
NOTIC: [8] Undefined index: cover E:\phpStudy\WWW\ingblog_home\App\Runtime\Cache\Home\00e52909bed743ea261af4b6823297ff.php 第 123 行.
NOTIC: [8] Undefined index: cover E:\phpStudy\WWW\ingblog_home\App\Runtime\Cache\Home\00e52909bed743ea261af4b6823297ff.php 第 123 行.
NOTIC: [8] Undefined index: cover E:\phpStudy\WWW\ingblog_home\App\Runtime\Cache\Home\00e52909bed743ea261af4b6823297ff.php 第 123 行.
NOTIC: [8] Undefined index: cover E:\phpStudy\WWW\ingblog_home\App\Runtime\Cache\Home\00e52909bed743ea261af4b6823297ff.php 第 123 行.
NOTIC: [8] Undefined index: cover E:\phpStudy\WWW\ingblog_home\App\Runtime\Cache\Home\00e52909bed743ea261af4b6823297ff.php 第 123 行.
NOTIC: [8] Undefined index: cover E:\phpStudy\WWW\ingblog_home\App\Runtime\Cache\Home\00e52909bed743ea261af4b6823297ff.php 第 123 行.
NOTIC: [8] Undefined index: cover E:\phpStudy\WWW\ingblog_home\App\Runtime\Cache\Home\00e52909bed743ea261af4b6823297ff.php 第 123 行.
NOTIC: [8] Undefined index: cover E:\phpStudy\WWW\ingblog_home\App\Runtime\Cache\Home\00e52909bed743ea261af4b6823297ff.php 第 123 行.
NOTIC: [8] Undefined index: cover E:\phpStudy\WWW\ingblog_home\App\Runtime\Cache\Home\00e52909bed743ea261af4b6823297ff.php 第 123 行.
NOTIC: [8] Undefined index: cover E:\phpStudy\WWW\ingblog_home\App\Runtime\Cache\Home\00e52909bed743ea261af4b6823297ff.php 第 123 行.
NOTIC: [8] Undefined index: cover E:\phpStudy\WWW\ingblog_home\App\Runtime\Cache\Home\00e52909bed743ea261af4b6823297ff.php 第 123 行.
NOTIC: [8] Undefined index: cover E:\phpStudy\WWW\ingblog_home\App\Runtime\Cache\Home\00e52909bed743ea261af4b6823297ff.php 第 123 行.
NOTIC: [8] Undefined index: cover E:\phpStudy\WWW\ingblog_home\App\Runtime\Cache\Home\00e52909bed743ea261af4b6823297ff.php 第 123 行.
INFO: Run Behavior\ParseTemplateBehavior [ RunTime:0.017001s ]
INFO: [ view_parse ] --END-- [ RunTime:0.017001s ]
INFO: [ view_filter ] --START--
INFO: Run Behavior\WriteHtmlCacheBehavior [ RunTime:0.001000s ]
INFO: [ view_filter ] --END-- [ RunTime:0.001000s ]
INFO: [ app_end ] --START--
INFO: Run Behavior\ShowPageTraceBehavior [ RunTime:0.001000s ]
INFO: [ app_end ] --END-- [ RunTime:0.001000s ]

[ 2016-08-31T15:13:06+08:00 ] 127.0.0.1 /ingblog_home/Home/Index/index.html
INFO: [ app_init ] --START--
INFO: Run Behavior\BuildLiteBehavior [ RunTime:0.000000s ]
INFO: [ app_init ] --END-- [ RunTime:0.000500s ]
INFO: [ app_begin ] --START--
INFO: Run Behavior\ReadHtmlCacheBehavior [ RunTime:0.001000s ]
INFO: [ app_begin ] --END-- [ RunTime:0.001000s ]
SQL: SHOW COLUMNS FROM `blog_post` [ RunTime:0.0070s ]
SQL: SELECT * FROM `blog_post` ORDER BY ctime desc  [ RunTime:0.0020s ]
NOTIC: [8] Undefined index: cover E:\phpStudy\WWW\ingblog_home\App\Home\Model\PostModel.class.php 第 17 行.
NOTIC: [8] Undefined index: cover E:\phpStudy\WWW\ingblog_home\App\Home\Model\PostModel.class.php 第 17 行.
NOTIC: [8] Undefined index: cover E:\phpStudy\WWW\ingblog_home\App\Home\Model\PostModel.class.php 第 17 行.
NOTIC: [8] Undefined index: cover E:\phpStudy\WWW\ingblog_home\App\Home\Model\PostModel.class.php 第 17 行.
NOTIC: [8] Undefined index: cover E:\phpStudy\WWW\ingblog_home\App\Home\Model\PostModel.class.php 第 17 行.
NOTIC: [8] Undefined index: cover E:\phpStudy\WWW\ingblog_home\App\Home\Model\PostModel.class.php 第 17 行.
NOTIC: [8] Undefined index: cover E:\phpStudy\WWW\ingblog_home\App\Home\Model\PostModel.class.php 第 17 行.
NOTIC: [8] Undefined index: cover E:\phpStudy\WWW\ingblog_home\App\Home\Model\PostModel.class.php 第 17 行.
NOTIC: [8] Undefined index: cover E:\phpStudy\WWW\ingblog_home\App\Home\Model\PostModel.class.php 第 17 行.
NOTIC: [8] Undefined index: cover E:\phpStudy\WWW\ingblog_home\App\Home\Model\PostModel.class.php 第 17 行.
NOTIC: [8] Undefined index: cover E:\phpStudy\WWW\ingblog_home\App\Home\Model\PostModel.class.php 第 17 行.
NOTIC: [8] Undefined index: cover E:\phpStudy\WWW\ingblog_home\App\Home\Model\PostModel.class.php 第 17 行.
NOTIC: [8] Undefined index: cover E:\phpStudy\WWW\ingblog_home\App\Home\Model\PostModel.class.php 第 17 行.
INFO: [ view_parse ] --START--
INFO: [ template_filter ] --START--
INFO: Run Behavior\ContentReplaceBehavior [ RunTime:0.000000s ]
INFO: [ template_filter ] --END-- [ RunTime:0.000000s ]
NOTIC: [8] Undefined index: cover E:\phpStudy\WWW\ingblog_home\App\Runtime\Cache\Home\00e52909bed743ea261af4b6823297ff.php 第 123 行.
NOTIC: [8] Undefined index: cover E:\phpStudy\WWW\ingblog_home\App\Runtime\Cache\Home\00e52909bed743ea261af4b6823297ff.php 第 123 行.
NOTIC: [8] Undefined index: cover E:\phpStudy\WWW\ingblog_home\App\Runtime\Cache\Home\00e52909bed743ea261af4b6823297ff.php 第 123 行.
NOTIC: [8] Undefined index: cover E:\phpStudy\WWW\ingblog_home\App\Runtime\Cache\Home\00e52909bed743ea261af4b6823297ff.php 第 123 行.
NOTIC: [8] Undefined index: cover E:\phpStudy\WWW\ingblog_home\App\Runtime\Cache\Home\00e52909bed743ea261af4b6823297ff.php 第 123 行.
NOTIC: [8] Undefined index: cover E:\phpStudy\WWW\ingblog_home\App\Runtime\Cache\Home\00e52909bed743ea261af4b6823297ff.php 第 123 行.
NOTIC: [8] Undefined index: cover E:\phpStudy\WWW\ingblog_home\App\Runtime\Cache\Home\00e52909bed743ea261af4b6823297ff.php 第 123 行.
NOTIC: [8] Undefined index: cover E:\phpStudy\WWW\ingblog_home\App\Runtime\Cache\Home\00e52909bed743ea261af4b6823297ff.php 第 123 行.
NOTIC: [8] Undefined index: cover E:\phpStudy\WWW\ingblog_home\App\Runtime\Cache\Home\00e52909bed743ea261af4b6823297ff.php 第 123 行.
NOTIC: [8] Undefined index: cover E:\phpStudy\WWW\ingblog_home\App\Runtime\Cache\Home\00e52909bed743ea261af4b6823297ff.php 第 123 行.
NOTIC: [8] Undefined index: cover E:\phpStudy\WWW\ingblog_home\App\Runtime\Cache\Home\00e52909bed743ea261af4b6823297ff.php 第 123 行.
NOTIC: [8] Undefined index: cover E:\phpStudy\WWW\ingblog_home\App\Runtime\Cache\Home\00e52909bed743ea261af4b6823297ff.php 第 123 行.
NOTIC: [8] Undefined index: cover E:\phpStudy\WWW\ingblog_home\App\Runtime\Cache\Home\00e52909bed743ea261af4b6823297ff.php 第 123 行.
INFO: Run Behavior\ParseTemplateBehavior [ RunTime:0.019001s ]
INFO: [ view_parse ] --END-- [ RunTime:0.019001s ]
INFO: [ view_filter ] --START--
INFO: Run Behavior\WriteHtmlCacheBehavior [ RunTime:0.001001s ]
INFO: [ view_filter ] --END-- [ RunTime:0.001001s ]
INFO: [ app_end ] --START--
INFO: Run Behavior\ShowPageTraceBehavior [ RunTime:0.001000s ]
INFO: [ app_end ] --END-- [ RunTime:0.002000s ]

[ 2016-08-31T15:14:55+08:00 ] 127.0.0.1 /ingblog_home/Home/Index/index.html
INFO: [ app_init ] --START--
INFO: Run Behavior\BuildLiteBehavior [ RunTime:0.000000s ]
INFO: [ app_init ] --END-- [ RunTime:0.001000s ]
INFO: [ app_begin ] --START--
INFO: Run Behavior\ReadHtmlCacheBehavior [ RunTime:0.001000s ]
INFO: [ app_begin ] --END-- [ RunTime:0.001000s ]
SQL: SHOW COLUMNS FROM `blog_post` [ RunTime:0.0075s ]
ERR: 1054:Unknown column 'cover' in 'field list'
 [ SQL语句 ] : SELECT `title`,`cover` FROM `blog_post` ORDER BY ctime desc 
ERR: 1054:Unknown column 'cover' in 'field list'
 [ SQL语句 ] : SELECT `title`,`cover` FROM `blog_post` ORDER BY ctime desc 

[ 2016-08-31T15:15:11+08:00 ] 127.0.0.1 /ingblog_home/Home/Index/index.html
INFO: [ app_init ] --START--
INFO: Run Behavior\BuildLiteBehavior [ RunTime:0.000000s ]
INFO: [ app_init ] --END-- [ RunTime:0.000500s ]
INFO: [ app_begin ] --START--
INFO: Run Behavior\ReadHtmlCacheBehavior [ RunTime:0.001000s ]
INFO: [ app_begin ] --END-- [ RunTime:0.001500s ]
SQL: SHOW COLUMNS FROM `blog_post` [ RunTime:0.0080s ]
ERR: 1054:Unknown column 'cover' in 'field list'
 [ SQL语句 ] : SELECT `title`,`cover`,`ctime` FROM `blog_post` ORDER BY ctime desc 
ERR: 1054:Unknown column 'cover' in 'field list'
 [ SQL语句 ] : SELECT `title`,`cover`,`ctime` FROM `blog_post` ORDER BY ctime desc 

[ 2016-08-31T15:15:49+08:00 ] 127.0.0.1 /ingblog_home/Home/Index/index.html
INFO: [ app_init ] --START--
INFO: Run Behavior\BuildLiteBehavior [ RunTime:0.000000s ]
INFO: [ app_init ] --END-- [ RunTime:0.001000s ]
INFO: [ app_begin ] --START--
INFO: Run Behavior\ReadHtmlCacheBehavior [ RunTime:0.001000s ]
INFO: [ app_begin ] --END-- [ RunTime:0.001000s ]
SQL: SHOW COLUMNS FROM `blog_post` [ RunTime:0.0070s ]
SQL: SELECT `title`,`cover_url`,`ctime` FROM `blog_post` ORDER BY ctime desc  [ RunTime:0.0030s ]

[ 2016-08-31T16:39:09+08:00 ] 127.0.0.1 /ingblog_home/Home/Index/index.html
INFO: [ app_init ] --START--
INFO: Run Behavior\BuildLiteBehavior [ RunTime:0.000000s ]
INFO: [ app_init ] --END-- [ RunTime:0.001000s ]
INFO: [ app_begin ] --START--
INFO: Run Behavior\ReadHtmlCacheBehavior [ RunTime:0.002000s ]
INFO: [ app_begin ] --END-- [ RunTime:0.002000s ]
SQL: SHOW COLUMNS FROM `blog_post` [ RunTime:0.0190s ]
SQL: SELECT `title`,`cover_url`,`ctime` FROM `blog_post` ORDER BY ctime desc  [ RunTime:0.0020s ]

[ 2016-08-31T16:39:58+08:00 ] 127.0.0.1 /ingblog_home/Home/Index/index.html
INFO: [ app_init ] --START--
INFO: Run Behavior\BuildLiteBehavior [ RunTime:0.000000s ]
INFO: [ app_init ] --END-- [ RunTime:0.001000s ]
INFO: [ app_begin ] --START--
INFO: Run Behavior\ReadHtmlCacheBehavior [ RunTime:0.004000s ]
INFO: [ app_begin ] --END-- [ RunTime:0.004000s ]
SQL: SHOW COLUMNS FROM `blog_post` [ RunTime:0.0090s ]
SQL: SELECT `title`,`cover_url`,`ctime` FROM `blog_post` ORDER BY ctime desc  [ RunTime:0.0010s ]
INFO: [ view_parse ] --START--
INFO: [ template_filter ] --START--
INFO: Run Behavior\ContentReplaceBehavior [ RunTime:0.000000s ]
INFO: [ template_filter ] --END-- [ RunTime:0.000000s ]
INFO: Run Behavior\ParseTemplateBehavior [ RunTime:0.061003s ]
INFO: [ view_parse ] --END-- [ RunTime:0.061003s ]
INFO: [ view_filter ] --START--
INFO: Run Behavior\WriteHtmlCacheBehavior [ RunTime:0.004001s ]
INFO: [ view_filter ] --END-- [ RunTime:0.004001s ]
INFO: [ app_end ] --START--
INFO: Run Behavior\ShowPageTraceBehavior [ RunTime:0.017001s ]
INFO: [ app_end ] --END-- [ RunTime:0.017001s ]

[ 2016-08-31T16:42:59+08:00 ] 127.0.0.1 /ingblog_home/Home/Index/index.html
INFO: [ app_init ] --START--
INFO: Run Behavior\BuildLiteBehavior [ RunTime:0.000000s ]
INFO: [ app_init ] --END-- [ RunTime:0.001000s ]
INFO: [ app_begin ] --START--
INFO: Run Behavior\ReadHtmlCacheBehavior [ RunTime:0.001000s ]
INFO: [ app_begin ] --END-- [ RunTime:0.001500s ]
SQL: SHOW COLUMNS FROM `blog_post` [ RunTime:0.0115s ]
SQL: SELECT `title`,`cover_url`,`ctime` FROM `blog_post` ORDER BY ctime desc  [ RunTime:0.0015s ]
INFO: [ view_parse ] --START--
INFO: [ template_filter ] --START--
INFO: Run Behavior\ContentReplaceBehavior [ RunTime:0.000500s ]
INFO: [ template_filter ] --END-- [ RunTime:0.000500s ]
INFO: Run Behavior\ParseTemplateBehavior [ RunTime:0.019003s ]
INFO: [ view_parse ] --END-- [ RunTime:0.019003s ]
INFO: [ view_filter ] --START--
INFO: Run Behavior\WriteHtmlCacheBehavior [ RunTime:0.001500s ]
INFO: [ view_filter ] --END-- [ RunTime:0.002000s ]
INFO: [ app_end ] --START--
INFO: Run Behavior\ShowPageTraceBehavior [ RunTime:0.001500s ]
INFO: [ app_end ] --END-- [ RunTime:0.001500s ]

[ 2016-08-31T17:33:14+08:00 ] 127.0.0.1 /ingblog_home/Home/Index/index.html
INFO: [ app_init ] --START--
INFO: Run Behavior\BuildLiteBehavior [ RunTime:0.000000s ]
INFO: [ app_init ] --END-- [ RunTime:0.000500s ]
INFO: [ app_begin ] --START--
INFO: Run Behavior\ReadHtmlCacheBehavior [ RunTime:0.001500s ]
INFO: [ app_begin ] --END-- [ RunTime:0.001500s ]
SQL: SHOW COLUMNS FROM `blog_post` [ RunTime:0.0090s ]
SQL: SELECT `title`,`cover_url`,`ctime` FROM `blog_post` ORDER BY ctime desc  [ RunTime:0.0010s ]
INFO: [ view_parse ] --START--
INFO: [ template_filter ] --START--
INFO: Run Behavior\ContentReplaceBehavior [ RunTime:0.000000s ]
INFO: [ template_filter ] --END-- [ RunTime:0.000000s ]
INFO: Run Behavior\ParseTemplateBehavior [ RunTime:0.015001s ]
INFO: [ view_parse ] --END-- [ RunTime:0.015001s ]
INFO: [ view_filter ] --START--
INFO: Run Behavior\WriteHtmlCacheBehavior [ RunTime:0.000000s ]
INFO: [ view_filter ] --END-- [ RunTime:0.000000s ]
INFO: [ app_end ] --START--
INFO: Run Behavior\ShowPageTraceBehavior [ RunTime:0.001000s ]
INFO: [ app_end ] --END-- [ RunTime:0.001000s ]

[ 2016-08-31T17:33:44+08:00 ] 127.0.0.1 /ingblog_home/Home/Index/index.html
INFO: [ app_init ] --START--
INFO: Run Behavior\BuildLiteBehavior [ RunTime:0.000000s ]
INFO: [ app_init ] --END-- [ RunTime:0.001000s ]
INFO: [ app_begin ] --START--
INFO: Run Behavior\ReadHtmlCacheBehavior [ RunTime:0.001000s ]
INFO: [ app_begin ] --END-- [ RunTime:0.001000s ]
SQL: SHOW COLUMNS FROM `blog_post` [ RunTime:0.0110s ]
SQL: SELECT `title`,`cover_url`,`ctime` FROM `blog_post` ORDER BY ctime desc  [ RunTime:0.0015s ]
INFO: [ view_parse ] --START--
INFO: [ template_filter ] --START--
INFO: Run Behavior\ContentReplaceBehavior [ RunTime:0.000000s ]
INFO: [ template_filter ] --END-- [ RunTime:0.000000s ]
INFO: Run Behavior\ParseTemplateBehavior [ RunTime:0.017502s ]
INFO: [ view_parse ] --END-- [ RunTime:0.017502s ]
INFO: [ view_filter ] --START--
INFO: Run Behavior\WriteHtmlCacheBehavior [ RunTime:0.000500s ]
INFO: [ view_filter ] --END-- [ RunTime:0.001000s ]
INFO: [ app_end ] --START--
INFO: Run Behavior\ShowPageTraceBehavior [ RunTime:0.001000s ]
INFO: [ app_end ] --END-- [ RunTime:0.001000s ]

[ 2016-08-31T17:34:44+08:00 ] 127.0.0.1 /ingblog_home/Home/Index/index.html
INFO: [ app_init ] --START--
INFO: Run Behavior\BuildLiteBehavior [ RunTime:0.000000s ]
INFO: [ app_init ] --END-- [ RunTime:0.000500s ]
INFO: [ app_begin ] --START--
INFO: Run Behavior\ReadHtmlCacheBehavior [ RunTime:0.002000s ]
INFO: [ app_begin ] --END-- [ RunTime:0.002000s ]
SQL: SHOW COLUMNS FROM `blog_post` [ RunTime:0.0090s ]
SQL: SELECT `title`,`cover_url`,`ctime` FROM `blog_post` ORDER BY ctime desc  [ RunTime:0.0015s ]
INFO: [ view_parse ] --START--
INFO: [ template_filter ] --START--
INFO: Run Behavior\ContentReplaceBehavior [ RunTime:0.000000s ]
INFO: [ template_filter ] --END-- [ RunTime:0.000500s ]
INFO: Run Behavior\ParseTemplateBehavior [ RunTime:0.016502s ]
INFO: [ view_parse ] --END-- [ RunTime:0.016502s ]
INFO: [ view_filter ] --START--
INFO: Run Behavior\WriteHtmlCacheBehavior [ RunTime:0.001001s ]
INFO: [ view_filter ] --END-- [ RunTime:0.001001s ]
INFO: [ app_end ] --START--
INFO: Run Behavior\ShowPageTraceBehavior [ RunTime:0.001000s ]
INFO: [ app_end ] --END-- [ RunTime:0.001500s ]

[ 2016-08-31T17:35:29+08:00 ] 127.0.0.1 /ingblog_home/Home/Index/index.html
INFO: [ app_init ] --START--
INFO: Run Behavior\BuildLiteBehavior [ RunTime:0.000000s ]
INFO: [ app_init ] --END-- [ RunTime:0.000000s ]
INFO: [ app_begin ] --START--
INFO: Run Behavior\ReadHtmlCacheBehavior [ RunTime:0.000000s ]
INFO: [ app_begin ] --END-- [ RunTime:0.001000s ]
SQL: SHOW COLUMNS FROM `blog_post` [ RunTime:0.0100s ]
SQL: SELECT `title`,`cover_url`,`ctime` FROM `blog_post` ORDER BY ctime desc  [ RunTime:0.0040s ]
INFO: [ view_parse ] --START--
INFO: [ template_filter ] --START--
INFO: Run Behavior\ContentReplaceBehavior [ RunTime:0.001000s ]
INFO: [ template_filter ] --END-- [ RunTime:0.001000s ]
INFO: Run Behavior\ParseTemplateBehavior [ RunTime:0.015501s ]
INFO: [ view_parse ] --END-- [ RunTime:0.015501s ]
INFO: [ view_filter ] --START--
INFO: Run Behavior\WriteHtmlCacheBehavior [ RunTime:0.000000s ]
INFO: [ view_filter ] --END-- [ RunTime:0.001000s ]
INFO: [ app_end ] --START--
INFO: Run Behavior\ShowPageTraceBehavior [ RunTime:0.002000s ]
INFO: [ app_end ] --END-- [ RunTime:0.002000s ]

[ 2016-08-31T17:36:46+08:00 ] 127.0.0.1 /ingblog_home/Home/Index/index.html
INFO: [ app_init ] --START--
INFO: Run Behavior\BuildLiteBehavior [ RunTime:0.000000s ]
INFO: [ app_init ] --END-- [ RunTime:0.000500s ]
INFO: [ app_begin ] --START--
INFO: Run Behavior\ReadHtmlCacheBehavior [ RunTime:0.001500s ]
INFO: [ app_begin ] --END-- [ RunTime:0.001500s ]
SQL: SHOW COLUMNS FROM `blog_post` [ RunTime:0.0090s ]
SQL: SELECT `title`,`cover_url`,`ctime` FROM `blog_post` ORDER BY ctime desc  [ RunTime:0.0010s ]
INFO: [ view_parse ] --START--
INFO: [ template_filter ] --START--
INFO: Run Behavior\ContentReplaceBehavior [ RunTime:0.000500s ]
INFO: [ template_filter ] --END-- [ RunTime:0.000500s ]
INFO: Run Behavior\ParseTemplateBehavior [ RunTime:0.015001s ]
INFO: [ view_parse ] --END-- [ RunTime:0.015001s ]
INFO: [ view_filter ] --START--
INFO: Run Behavior\WriteHtmlCacheBehavior [ RunTime:0.000500s ]
INFO: [ view_filter ] --END-- [ RunTime:0.000500s ]
INFO: [ app_end ] --START--
INFO: Run Behavior\ShowPageTraceBehavior [ RunTime:0.000501s ]
INFO: [ app_end ] --END-- [ RunTime:0.001501s ]

[ 2016-08-31T17:43:26+08:00 ] 127.0.0.1 /ingblog_home/Home/Index/index.html
INFO: [ app_init ] --START--
INFO: Run Behavior\BuildLiteBehavior [ RunTime:0.000000s ]
INFO: [ app_init ] --END-- [ RunTime:0.001000s ]
INFO: [ app_begin ] --START--
INFO: Run Behavior\ReadHtmlCacheBehavior [ RunTime:0.001000s ]
INFO: [ app_begin ] --END-- [ RunTime:0.001500s ]
SQL: SHOW COLUMNS FROM `blog_post` [ RunTime:0.0110s ]
SQL: SELECT `title`,`cover_url`,`ctime` FROM `blog_post` ORDER BY ctime desc  [ RunTime:0.0010s ]
INFO: [ view_parse ] --START--
INFO: [ template_filter ] --START--
INFO: Run Behavior\ContentReplaceBehavior [ RunTime:0.000000s ]
INFO: [ template_filter ] --END-- [ RunTime:0.000000s ]
INFO: Run Behavior\ParseTemplateBehavior [ RunTime:0.013001s ]
INFO: [ view_parse ] --END-- [ RunTime:0.013001s ]
INFO: [ view_filter ] --START--
INFO: Run Behavior\WriteHtmlCacheBehavior [ RunTime:0.001000s ]
INFO: [ view_filter ] --END-- [ RunTime:0.001000s ]
INFO: [ app_end ] --START--
INFO: Run Behavior\ShowPageTraceBehavior [ RunTime:0.001000s ]
INFO: [ app_end ] --END-- [ RunTime:0.001000s ]

[ 2016-08-31T17:48:07+08:00 ] 127.0.0.1 /ingblog_home/Home/Index/index.html
INFO: [ app_init ] --START--
INFO: Run Behavior\BuildLiteBehavior [ RunTime:0.000000s ]
INFO: [ app_init ] --END-- [ RunTime:0.000500s ]
INFO: [ app_begin ] --START--
INFO: Run Behavior\ReadHtmlCacheBehavior [ RunTime:0.002000s ]
INFO: [ app_begin ] --END-- [ RunTime:0.002000s ]
SQL: SHOW COLUMNS FROM `blog_post` [ RunTime:0.0090s ]
SQL: SELECT `title`,`cover_url`,`ctime` FROM `blog_post` ORDER BY ctime desc  [ RunTime:0.0020s ]
INFO: [ view_parse ] --START--
INFO: [ template_filter ] --START--
INFO: Run Behavior\ContentReplaceBehavior [ RunTime:0.000000s ]
INFO: [ template_filter ] --END-- [ RunTime:0.000000s ]
INFO: Run Behavior\ParseTemplateBehavior [ RunTime:0.022502s ]
INFO: [ view_parse ] --END-- [ RunTime:0.022502s ]
INFO: [ view_filter ] --START--
INFO: Run Behavior\WriteHtmlCacheBehavior [ RunTime:0.001000s ]
INFO: [ view_filter ] --END-- [ RunTime:0.001000s ]
INFO: [ app_end ] --START--
INFO: Run Behavior\ShowPageTraceBehavior [ RunTime:0.001000s ]
INFO: [ app_end ] --END-- [ RunTime:0.001000s ]

[ 2016-08-31T17:48:23+08:00 ] 127.0.0.1 /ingblog_home/Home/Index/index.html
INFO: [ app_init ] --START--
INFO: Run Behavior\BuildLiteBehavior [ RunTime:0.000000s ]
INFO: [ app_init ] --END-- [ RunTime:0.001000s ]
INFO: [ app_begin ] --START--
INFO: Run Behavior\ReadHtmlCacheBehavior [ RunTime:0.001000s ]
INFO: [ app_begin ] --END-- [ RunTime:0.001000s ]
SQL: SHOW COLUMNS FROM `blog_post` [ RunTime:0.0220s ]
SQL: SELECT `title`,`cover_url`,`ctime` FROM `blog_post` ORDER BY ctime desc  [ RunTime:0.0025s ]
INFO: [ view_parse ] --START--
INFO: [ template_filter ] --START--
INFO: Run Behavior\ContentReplaceBehavior [ RunTime:0.000500s ]
INFO: [ template_filter ] --END-- [ RunTime:0.000500s ]
NOTIC: [8] Undefined index: content E:\phpStudy\WWW\ingblog_home\App\Runtime\Cache\Home\00e52909bed743ea261af4b6823297ff.php 第 127 行.
NOTIC: [8] Undefined index: content E:\phpStudy\WWW\ingblog_home\App\Runtime\Cache\Home\00e52909bed743ea261af4b6823297ff.php 第 127 行.
NOTIC: [8] Undefined index: content E:\phpStudy\WWW\ingblog_home\App\Runtime\Cache\Home\00e52909bed743ea261af4b6823297ff.php 第 127 行.
NOTIC: [8] Undefined index: content E:\phpStudy\WWW\ingblog_home\App\Runtime\Cache\Home\00e52909bed743ea261af4b6823297ff.php 第 127 行.
NOTIC: [8] Undefined index: content E:\phpStudy\WWW\ingblog_home\App\Runtime\Cache\Home\00e52909bed743ea261af4b6823297ff.php 第 127 行.
NOTIC: [8] Undefined index: content E:\phpStudy\WWW\ingblog_home\App\Runtime\Cache\Home\00e52909bed743ea261af4b6823297ff.php 第 127 行.
NOTIC: [8] Undefined index: content E:\phpStudy\WWW\ingblog_home\App\Runtime\Cache\Home\00e52909bed743ea261af4b6823297ff.php 第 127 行.
NOTIC: [8] Undefined index: content E:\phpStudy\WWW\ingblog_home\App\Runtime\Cache\Home\00e52909bed743ea261af4b6823297ff.php 第 127 行.
NOTIC: [8] Undefined index: content E:\phpStudy\WWW\ingblog_home\App\Runtime\Cache\Home\00e52909bed743ea261af4b6823297ff.php 第 127 行.
NOTIC: [8] Undefined index: content E:\phpStudy\WWW\ingblog_home\App\Runtime\Cache\Home\00e52909bed743ea261af4b6823297ff.php 第 127 行.
NOTIC: [8] Undefined index: content E:\phpStudy\WWW\ingblog_home\App\Runtime\Cache\Home\00e52909bed743ea261af4b6823297ff.php 第 127 行.
NOTIC: [8] Undefined index: content E:\phpStudy\WWW\ingblog_home\App\Runtime\Cache\Home\00e52909bed743ea261af4b6823297ff.php 第 127 行.
NOTIC: [8] Undefined index: content E:\phpStudy\WWW\ingblog_home\App\Runtime\Cache\Home\00e52909bed743ea261af4b6823297ff.php 第 127 行.
INFO: Run Behavior\ParseTemplateBehavior [ RunTime:0.028004s ]
INFO: [ view_parse ] --END-- [ RunTime:0.028004s ]
INFO: [ view_filter ] --START--
INFO: Run Behavior\WriteHtmlCacheBehavior [ RunTime:0.010001s ]
INFO: [ view_filter ] --END-- [ RunTime:0.014502s ]
INFO: [ app_end ] --START--
INFO: Run Behavior\ShowPageTraceBehavior [ RunTime:0.001500s ]
INFO: [ app_end ] --END-- [ RunTime:0.001500s ]

[ 2016-08-31T17:50:01+08:00 ] 127.0.0.1 /ingblog_home/Home/Index/index.html
INFO: [ app_init ] --START--
INFO: Run Behavior\BuildLiteBehavior [ RunTime:0.000000s ]
INFO: [ app_init ] --END-- [ RunTime:0.000500s ]
INFO: [ app_begin ] --START--
INFO: Run Behavior\ReadHtmlCacheBehavior [ RunTime:0.002001s ]
INFO: [ app_begin ] --END-- [ RunTime:0.002001s ]
SQL: SHOW COLUMNS FROM `blog_post` [ RunTime:0.0090s ]
SQL: SELECT * FROM `blog_post` ORDER BY ctime desc  [ RunTime:0.0020s ]
INFO: [ view_parse ] --START--
INFO: [ template_filter ] --START--
INFO: Run Behavior\ContentReplaceBehavior [ RunTime:0.000000s ]
INFO: [ template_filter ] --END-- [ RunTime:0.000000s ]
INFO: Run Behavior\ParseTemplateBehavior [ RunTime:0.017001s ]
INFO: [ view_parse ] --END-- [ RunTime:0.017001s ]
INFO: [ view_filter ] --START--
INFO: Run Behavior\WriteHtmlCacheBehavior [ RunTime:0.000500s ]
INFO: [ view_filter ] --END-- [ RunTime:0.001000s ]
INFO: [ app_end ] --START--
INFO: Run Behavior\ShowPageTraceBehavior [ RunTime:0.001000s ]
INFO: [ app_end ] --END-- [ RunTime:0.001000s ]

[ 2016-08-31T17:53:02+08:00 ] 127.0.0.1 /ingblog_home/Home/Index/index.html
INFO: [ app_init ] --START--
INFO: Run Behavior\BuildLiteBehavior [ RunTime:0.000500s ]
INFO: [ app_init ] --END-- [ RunTime:0.001000s ]
INFO: [ app_begin ] --START--
INFO: Run Behavior\ReadHtmlCacheBehavior [ RunTime:0.001500s ]
INFO: [ app_begin ] --END-- [ RunTime:0.001500s ]
SQL: SHOW COLUMNS FROM `blog_post` [ RunTime:0.0080s ]
SQL: SELECT * FROM `blog_post` ORDER BY ctime desc  [ RunTime:0.0030s ]
INFO: [ view_parse ] --START--
INFO: [ template_filter ] --START--
INFO: Run Behavior\ContentReplaceBehavior [ RunTime:0.000000s ]
INFO: [ template_filter ] --END-- [ RunTime:0.000000s ]
INFO: Run Behavior\ParseTemplateBehavior [ RunTime:0.014000s ]
INFO: [ view_parse ] --END-- [ RunTime:0.014000s ]
INFO: [ view_filter ] --START--
INFO: Run Behavior\WriteHtmlCacheBehavior [ RunTime:0.001000s ]
INFO: [ view_filter ] --END-- [ RunTime:0.001000s ]
INFO: [ app_end ] --START--
INFO: Run Behavior\ShowPageTraceBehavior [ RunTime:0.001000s ]
INFO: [ app_end ] --END-- [ RunTime:0.002001s ]

[ 2016-08-31T17:53:24+08:00 ] 127.0.0.1 /ingblog_home/Home/Index/index.html
INFO: [ app_init ] --START--
INFO: Run Behavior\BuildLiteBehavior [ RunTime:0.000000s ]
INFO: [ app_init ] --END-- [ RunTime:0.002000s ]
INFO: [ app_begin ] --START--
INFO: Run Behavior\ReadHtmlCacheBehavior [ RunTime:0.000500s ]
INFO: [ app_begin ] --END-- [ RunTime:0.001000s ]
SQL: SHOW COLUMNS FROM `blog_post` [ RunTime:0.0100s ]
SQL: SELECT * FROM `blog_post` ORDER BY ctime desc  [ RunTime:0.0040s ]
INFO: [ view_parse ] --START--
INFO: [ template_filter ] --START--
INFO: Run Behavior\ContentReplaceBehavior [ RunTime:0.000000s ]
INFO: [ template_filter ] --END-- [ RunTime:0.000000s ]
INFO: Run Behavior\ParseTemplateBehavior [ RunTime:0.015002s ]
INFO: [ view_parse ] --END-- [ RunTime:0.015502s ]
INFO: [ view_filter ] --START--
INFO: Run Behavior\WriteHtmlCacheBehavior [ RunTime:0.000000s ]
INFO: [ view_filter ] --END-- [ RunTime:0.000000s ]
INFO: [ app_end ] --START--
INFO: Run Behavior\ShowPageTraceBehavior [ RunTime:0.001000s ]
INFO: [ app_end ] --END-- [ RunTime:0.001000s ]

[ 2016-08-31T17:53:39+08:00 ] 127.0.0.1 /ingblog_home/Home/Index/index.html
INFO: [ app_init ] --START--
INFO: Run Behavior\BuildLiteBehavior [ RunTime:0.000000s ]
INFO: [ app_init ] --END-- [ RunTime:0.001500s ]
INFO: [ app_begin ] --START--
INFO: Run Behavior\ReadHtmlCacheBehavior [ RunTime:0.000000s ]
INFO: [ app_begin ] --END-- [ RunTime:0.001000s ]
SQL: SHOW COLUMNS FROM `blog_post` [ RunTime:0.0080s ]
SQL: SELECT * FROM `blog_post` ORDER BY ctime desc  [ RunTime:0.0010s ]
INFO: [ view_parse ] --START--
INFO: [ template_filter ] --START--
INFO: Run Behavior\ContentReplaceBehavior [ RunTime:0.000000s ]
INFO: [ template_filter ] --END-- [ RunTime:0.000000s ]
INFO: Run Behavior\ParseTemplateBehavior [ RunTime:0.014001s ]
INFO: [ view_parse ] --END-- [ RunTime:0.014001s ]
INFO: [ view_filter ] --START--
INFO: Run Behavior\WriteHtmlCacheBehavior [ RunTime:0.000000s ]
INFO: [ view_filter ] --END-- [ RunTime:0.001000s ]
INFO: [ app_end ] --START--
INFO: Run Behavior\ShowPageTraceBehavior [ RunTime:0.002000s ]
INFO: [ app_end ] --END-- [ RunTime:0.002000s ]

[ 2016-08-31T17:54:23+08:00 ] 127.0.0.1 /ingblog_home/Home/Index/index.html
INFO: [ app_init ] --START--
INFO: Run Behavior\BuildLiteBehavior [ RunTime:0.000000s ]
INFO: [ app_init ] --END-- [ RunTime:0.001000s ]
INFO: [ app_begin ] --START--
INFO: Run Behavior\ReadHtmlCacheBehavior [ RunTime:0.001001s ]
INFO: [ app_begin ] --END-- [ RunTime:0.001001s ]
SQL: SHOW COLUMNS FROM `blog_post` [ RunTime:0.0070s ]
SQL: SELECT * FROM `blog_post` ORDER BY ctime desc  [ RunTime:0.0020s ]
INFO: [ view_parse ] --START--
INFO: [ template_filter ] --START--
INFO: Run Behavior\ContentReplaceBehavior [ RunTime:0.000000s ]
INFO: [ template_filter ] --END-- [ RunTime:0.000000s ]
INFO: Run Behavior\ParseTemplateBehavior [ RunTime:0.014001s ]
INFO: [ view_parse ] --END-- [ RunTime:0.014001s ]
INFO: [ view_filter ] --START--
INFO: Run Behavior\WriteHtmlCacheBehavior [ RunTime:0.001000s ]
INFO: [ view_filter ] --END-- [ RunTime:0.001000s ]
INFO: [ app_end ] --START--
INFO: Run Behavior\ShowPageTraceBehavior [ RunTime:0.001000s ]
INFO: [ app_end ] --END-- [ RunTime:0.001000s ]

[ 2016-08-31T17:56:56+08:00 ] 127.0.0.1 /ingblog_home/Home/Index/index.html
INFO: [ app_init ] --START--
INFO: Run Behavior\BuildLiteBehavior [ RunTime:0.000000s ]
INFO: [ app_init ] --END-- [ RunTime:0.001000s ]
INFO: [ app_begin ] --START--
INFO: Run Behavior\ReadHtmlCacheBehavior [ RunTime:0.001001s ]
INFO: [ app_begin ] --END-- [ RunTime:0.001001s ]
SQL: SHOW COLUMNS FROM `blog_post` [ RunTime:0.0120s ]
SQL: SELECT * FROM `blog_post` ORDER BY ctime desc  [ RunTime:0.0020s ]
INFO: [ view_parse ] --START--
INFO: [ template_filter ] --START--
INFO: Run Behavior\ContentReplaceBehavior [ RunTime:0.000000s ]
INFO: [ template_filter ] --END-- [ RunTime:0.000000s ]
INFO: Run Behavior\ParseTemplateBehavior [ RunTime:0.015001s ]
INFO: [ view_parse ] --END-- [ RunTime:0.015001s ]
INFO: [ view_filter ] --START--
INFO: Run Behavior\WriteHtmlCacheBehavior [ RunTime:0.001000s ]
INFO: [ view_filter ] --END-- [ RunTime:0.001000s ]
INFO: [ app_end ] --START--
INFO: Run Behavior\ShowPageTraceBehavior [ RunTime:0.004000s ]
INFO: [ app_end ] --END-- [ RunTime:0.004000s ]

